2023-02-24 08::55::35 [restartedMain] INFO  c.c.a.AuthorizationmicroserviceApplication - Starting AuthorizationmicroserviceApplication using Java 17.0.3 on DESKTOP-TIAGQ42 with PID 10080 (C:\Users\Vignesh\git\doctor-patient-appointment-system_mdu22csdaj001_pod-1\authorizationmicroservice\target\classes started by Vignesh in C:\Users\Vignesh\git\doctor-patient-appointment-system_mdu22csdaj001_pod-1\authorizationmicroservice)
2023-02-24 08::55::35 [restartedMain] INFO  c.c.a.AuthorizationmicroserviceApplication - No active profile set, falling back to default profiles: default
2023-02-24 08::55::35 [restartedMain] INFO  o.s.b.d.e.DevToolsPropertyDefaultsPostProcessor - Devtools property defaults active! Set 'spring.devtools.add-properties' to 'false' to disable
2023-02-24 08::55::35 [restartedMain] INFO  o.s.b.d.e.DevToolsPropertyDefaultsPostProcessor - For additional web related logging consider setting the 'logging.level.web' property to 'DEBUG'
2023-02-24 08::55::35 [restartedMain] INFO  o.s.d.r.c.RepositoryConfigurationDelegate - Bootstrapping Spring Data JPA repositories in DEFAULT mode.
2023-02-24 08::55::35 [restartedMain] INFO  o.s.d.r.c.RepositoryConfigurationDelegate - Finished Spring Data repository scanning in 113 ms. Found 1 JPA repository interfaces.
2023-02-24 08::55::35 [restartedMain] INFO  o.s.cloud.context.scope.GenericScope - BeanFactory id=ffaa9280-8544-31bd-812d-d7f057a73be8
2023-02-24 08::55::35 [restartedMain] INFO  o.s.c.s.PostProcessorRegistrationDelegate$BeanPostProcessorChecker - Bean 'org.springframework.security.access.expression.method.DefaultMethodSecurityExpressionHandler@7a6a3d86' of type [org.springframework.security.access.expression.method.DefaultMethodSecurityExpressionHandler] is not eligible for getting processed by all BeanPostProcessors (for example: not eligible for auto-proxying)
2023-02-24 08::55::35 [restartedMain] INFO  o.s.c.s.PostProcessorRegistrationDelegate$BeanPostProcessorChecker - Bean 'methodSecurityMetadataSource' of type [org.springframework.security.access.method.DelegatingMethodSecurityMetadataSource] is not eligible for getting processed by all BeanPostProcessors (for example: not eligible for auto-proxying)
2023-02-24 08::55::35 [restartedMain] INFO  o.s.b.w.e.tomcat.TomcatWebServer - Tomcat initialized with port(s): 8400 (http)
2023-02-24 08::55::35 [restartedMain] INFO  o.a.coyote.http11.Http11NioProtocol - Initializing ProtocolHandler ["http-nio-8400"]
2023-02-24 08::55::35 [restartedMain] INFO  o.a.catalina.core.StandardService - Starting service [Tomcat]
2023-02-24 08::55::35 [restartedMain] INFO  o.a.catalina.core.StandardEngine - Starting Servlet engine: [Apache Tomcat/9.0.41]
2023-02-24 08::55::35 [restartedMain] INFO  o.a.c.c.C.[.[localhost].[/auth] - Initializing Spring embedded WebApplicationContext
2023-02-24 08::55::35 [restartedMain] INFO  o.s.b.w.s.c.ServletWebServerApplicationContext - Root WebApplicationContext: initialization completed in 3618 ms
2023-02-24 08::55::35 [restartedMain] INFO  com.zaxxer.hikari.HikariDataSource - HikariPool-1 - Starting...
2023-02-24 08::55::35 [restartedMain] INFO  com.zaxxer.hikari.HikariDataSource - HikariPool-1 - Start completed.
2023-02-24 08::55::35 [restartedMain] INFO  o.s.b.a.h.H2ConsoleAutoConfiguration - H2 console available at '/db'. Database available at 'jdbc:h2:mem:testdb'
2023-02-24 08::55::35 [restartedMain] INFO  o.h.jpa.internal.util.LogHelper - HHH000204: Processing PersistenceUnitInfo [name: default]
2023-02-24 08::55::35 [restartedMain] INFO  org.hibernate.Version - HHH000412: Hibernate ORM core version 5.4.27.Final
2023-02-24 08::55::35 [restartedMain] INFO  o.h.annotations.common.Version - HCANN000001: Hibernate Commons Annotations {5.1.2.Final}
2023-02-24 08::55::35 [restartedMain] INFO  org.hibernate.dialect.Dialect - HHH000400: Using dialect: org.hibernate.dialect.H2Dialect
2023-02-24 08::55::35 [restartedMain] INFO  o.h.e.t.j.p.i.JtaPlatformInitiator - HHH000490: Using JtaPlatform implementation: [org.hibernate.engine.transaction.jta.platform.internal.NoJtaPlatform]
2023-02-24 08::55::35 [restartedMain] INFO  o.s.o.j.LocalContainerEntityManagerFactoryBean - Initialized JPA EntityManagerFactory for persistence unit 'default'
2023-02-24 08::55::35 [restartedMain] INFO  s.d.s.w.PropertySourcedRequestMappingHandlerMapping - Mapped URL path [/v2/api-docs] onto method [springfox.documentation.swagger2.web.Swagger2Controller#getDocumentation(String, HttpServletRequest)]
2023-02-24 08::55::35 [restartedMain] INFO  o.s.s.web.DefaultSecurityFilterChain - Will secure any request with [org.springframework.security.web.context.request.async.WebAsyncManagerIntegrationFilter@d6649e7, org.springframework.security.web.context.SecurityContextPersistenceFilter@519020cb, org.springframework.security.web.header.HeaderWriterFilter@63d58cf5, org.springframework.security.web.authentication.logout.LogoutFilter@4dfdebb6, com.cts.authorization.config.JwtRequestFilter@650dc062, org.springframework.security.web.savedrequest.RequestCacheAwareFilter@3444187b, org.springframework.security.web.servletapi.SecurityContextHolderAwareRequestFilter@4956eac1, org.springframework.security.web.authentication.AnonymousAuthenticationFilter@34d5ed2, org.springframework.security.web.session.SessionManagementFilter@2405d097, org.springframework.security.web.access.ExceptionTranslationFilter@3270269a, org.springframework.security.web.access.intercept.FilterSecurityInterceptor@45297a97]
2023-02-24 08::55::35 [restartedMain] INFO  o.s.s.c.ThreadPoolTaskExecutor - Initializing ExecutorService 'applicationTaskExecutor'
2023-02-24 08::55::35 [restartedMain] INFO  o.a.coyote.http11.Http11NioProtocol - Starting ProtocolHandler ["http-nio-8400"]
2023-02-24 08::55::35 [restartedMain] INFO  o.s.b.w.e.tomcat.TomcatWebServer - Tomcat started on port(s): 8400 (http) with context path '/auth'
2023-02-24 08::55::35 [restartedMain] INFO  s.d.s.w.p.DocumentationPluginsBootstrapper - Context refreshed
2023-02-24 08::55::35 [restartedMain] INFO  s.d.s.w.p.DocumentationPluginsBootstrapper - Found 1 custom documentation plugin(s)
2023-02-24 08::55::35 [restartedMain] INFO  s.d.s.w.s.ApiListingReferenceScanner - Scanning for api listing references
2023-02-24 08::55::35 [restartedMain] INFO  c.c.a.AuthorizationmicroserviceApplication - Started AuthorizationmicroserviceApplication in 10.234 seconds (JVM running for 11.689)
2023-02-24 08::55::35 [http-nio-8400-exec-1] INFO  o.a.c.c.C.[.[localhost].[/auth] - Initializing Spring DispatcherServlet 'dispatcherServlet'
2023-02-24 08::55::35 [http-nio-8400-exec-1] INFO  o.s.web.servlet.DispatcherServlet - Initializing Servlet 'dispatcherServlet'
2023-02-24 08::55::35 [http-nio-8400-exec-1] INFO  o.s.web.servlet.DispatcherServlet - Completed initialization in 0 ms
2023-02-24 08::55::35 [http-nio-8400-exec-1] INFO  c.c.a.c.JwtAuthenticationController - Inside authenticate Method==================================
2023-02-24 08::55::35 [http-nio-8400-exec-1] INFO  c.c.a.service.JwtUserDetailsService - User found
2023-02-24 08::55::35 [http-nio-8400-exec-1] INFO  c.c.a.service.JwtUserDetailsService - user successfully located
2023-02-24 08::55::35 [http-nio-8400-exec-1] INFO  c.c.a.c.JwtAuthenticationController - Authentication Successful.....
2023-02-24 08::55::35 [http-nio-8400-exec-1] INFO  c.c.a.service.JwtUserDetailsService - User found
2023-02-24 08::55::35 [http-nio-8400-exec-1] INFO  c.c.a.service.JwtUserDetailsService - user successfully located
2023-02-24 08::55::35 [http-nio-8400-exec-1] INFO  c.c.a.c.JwtAuthenticationController - com.cts.authorization.model.MyUserDeails@52159a3f
2023-02-24 08::55::35 [http-nio-8400-exec-2] INFO  c.c.a.service.JwtUserDetailsService - User found
2023-02-24 08::55::35 [http-nio-8400-exec-2] INFO  c.c.a.service.JwtUserDetailsService - user successfully located
2023-02-24 08::55::35 [http-nio-8400-exec-2] INFO  c.c.a.c.JwtAuthenticationController - Inside authorize ==============Bearer eyJhbGciOiJIUzUxMiJ9.eyJzdWIiOiJIZW1hbnQiLCJleHAiOjE2NzcyMTEzMTgsImlhdCI6MTY3NzIwOTUxOH0.LFcA2_rZaAo8BqG1v-YR_b8uvRtqACdhy2mtnqRq0fM5dsYd0psQZsCvD6JQ0LqMlV5U5vwxf1CUDt5UqZFUKQ
2023-02-24 08::55::35 [http-nio-8400-exec-3] INFO  c.c.a.service.JwtUserDetailsService - User found
2023-02-24 08::55::35 [http-nio-8400-exec-3] INFO  c.c.a.service.JwtUserDetailsService - user successfully located
2023-02-24 08::55::35 [http-nio-8400-exec-3] INFO  c.c.a.c.JwtAuthenticationController - Inside authorize ==============Bearer eyJhbGciOiJIUzUxMiJ9.eyJzdWIiOiJIZW1hbnQiLCJleHAiOjE2NzcyMTEzMTgsImlhdCI6MTY3NzIwOTUxOH0.LFcA2_rZaAo8BqG1v-YR_b8uvRtqACdhy2mtnqRq0fM5dsYd0psQZsCvD6JQ0LqMlV5U5vwxf1CUDt5UqZFUKQ
2023-02-24 08::55::35 [http-nio-8400-exec-4] INFO  c.c.a.service.JwtUserDetailsService - User found
2023-02-24 08::55::35 [http-nio-8400-exec-4] INFO  c.c.a.service.JwtUserDetailsService - user successfully located
2023-02-24 08::55::35 [http-nio-8400-exec-4] INFO  c.c.a.c.JwtAuthenticationController - Inside authorize ==============Bearer eyJhbGciOiJIUzUxMiJ9.eyJzdWIiOiJIZW1hbnQiLCJleHAiOjE2NzcyMTEzMTgsImlhdCI6MTY3NzIwOTUxOH0.LFcA2_rZaAo8BqG1v-YR_b8uvRtqACdhy2mtnqRq0fM5dsYd0psQZsCvD6JQ0LqMlV5U5vwxf1CUDt5UqZFUKQ
2023-02-24 08::55::35 [http-nio-8400-exec-5] INFO  c.c.a.service.JwtUserDetailsService - User found
2023-02-24 08::55::35 [http-nio-8400-exec-5] INFO  c.c.a.service.JwtUserDetailsService - user successfully located
2023-02-24 08::55::35 [http-nio-8400-exec-5] INFO  c.c.a.c.JwtAuthenticationController - Inside authorize ==============Bearer eyJhbGciOiJIUzUxMiJ9.eyJzdWIiOiJIZW1hbnQiLCJleHAiOjE2NzcyMTEzMTgsImlhdCI6MTY3NzIwOTUxOH0.LFcA2_rZaAo8BqG1v-YR_b8uvRtqACdhy2mtnqRq0fM5dsYd0psQZsCvD6JQ0LqMlV5U5vwxf1CUDt5UqZFUKQ
2023-02-24 08::55::35 [http-nio-8400-exec-6] INFO  c.c.a.service.JwtUserDetailsService - User found
2023-02-24 08::55::35 [http-nio-8400-exec-6] INFO  c.c.a.service.JwtUserDetailsService - user successfully located
2023-02-24 08::55::35 [http-nio-8400-exec-6] INFO  c.c.a.c.JwtAuthenticationController - Inside authorize ==============Bearer eyJhbGciOiJIUzUxMiJ9.eyJzdWIiOiJIZW1hbnQiLCJleHAiOjE2NzcyMTEzMTgsImlhdCI6MTY3NzIwOTUxOH0.LFcA2_rZaAo8BqG1v-YR_b8uvRtqACdhy2mtnqRq0fM5dsYd0psQZsCvD6JQ0LqMlV5U5vwxf1CUDt5UqZFUKQ
2023-02-24 08::55::35 [http-nio-8400-exec-7] INFO  c.c.a.service.JwtUserDetailsService - User found
2023-02-24 08::55::35 [http-nio-8400-exec-7] INFO  c.c.a.service.JwtUserDetailsService - user successfully located
2023-02-24 08::55::35 [http-nio-8400-exec-7] INFO  c.c.a.c.JwtAuthenticationController - Inside authorize ==============Bearer eyJhbGciOiJIUzUxMiJ9.eyJzdWIiOiJIZW1hbnQiLCJleHAiOjE2NzcyMTEzMTgsImlhdCI6MTY3NzIwOTUxOH0.LFcA2_rZaAo8BqG1v-YR_b8uvRtqACdhy2mtnqRq0fM5dsYd0psQZsCvD6JQ0LqMlV5U5vwxf1CUDt5UqZFUKQ
2023-02-24 08::55::35 [http-nio-8400-exec-9] INFO  c.c.a.c.JwtAuthenticationController - Inside authenticate Method==================================
2023-02-24 08::55::35 [Thread-1] INFO  o.s.s.c.ThreadPoolTaskExecutor - Shutting down ExecutorService 'applicationTaskExecutor'
2023-02-24 08::55::35 [Thread-1] INFO  o.s.o.j.LocalContainerEntityManagerFactoryBean - Closing JPA EntityManagerFactory for persistence unit 'default'
2023-02-24 08::55::35 [Thread-1] INFO  o.h.t.s.i.SchemaDropperImpl$DelayedDropActionImpl - HHH000477: Starting delayed evictData of schema as part of SessionFactory shut-down'
2023-02-24 08::55::35 [Thread-1] INFO  com.zaxxer.hikari.HikariDataSource - HikariPool-1 - Shutdown initiated...
2023-02-24 08::55::35 [Thread-1] INFO  com.zaxxer.hikari.HikariDataSource - HikariPool-1 - Shutdown completed.
2023-02-24 10::40::53 [restartedMain] INFO  c.c.a.AuthorizationmicroserviceApplication - Starting AuthorizationmicroserviceApplication using Java 17.0.3 on DESKTOP-TIAGQ42 with PID 10080 (C:\Users\Vignesh\git\doctor-patient-appointment-system_mdu22csdaj001_pod-1\authorizationmicroservice\target\classes started by Vignesh in C:\Users\Vignesh\git\doctor-patient-appointment-system_mdu22csdaj001_pod-1\authorizationmicroservice)
2023-02-24 10::40::53 [restartedMain] INFO  c.c.a.AuthorizationmicroserviceApplication - No active profile set, falling back to default profiles: default
2023-02-24 10::40::53 [restartedMain] INFO  o.s.d.r.c.RepositoryConfigurationDelegate - Bootstrapping Spring Data JPA repositories in DEFAULT mode.
2023-02-24 10::40::53 [restartedMain] INFO  o.s.d.r.c.RepositoryConfigurationDelegate - Finished Spring Data repository scanning in 41 ms. Found 1 JPA repository interfaces.
2023-02-24 10::40::53 [restartedMain] INFO  o.s.cloud.context.scope.GenericScope - BeanFactory id=ffaa9280-8544-31bd-812d-d7f057a73be8
2023-02-24 10::40::53 [restartedMain] INFO  o.s.c.s.PostProcessorRegistrationDelegate$BeanPostProcessorChecker - Bean 'org.springframework.security.access.expression.method.DefaultMethodSecurityExpressionHandler@14e9d9ec' of type [org.springframework.security.access.expression.method.DefaultMethodSecurityExpressionHandler] is not eligible for getting processed by all BeanPostProcessors (for example: not eligible for auto-proxying)
2023-02-24 10::40::53 [restartedMain] INFO  o.s.c.s.PostProcessorRegistrationDelegate$BeanPostProcessorChecker - Bean 'methodSecurityMetadataSource' of type [org.springframework.security.access.method.DelegatingMethodSecurityMetadataSource] is not eligible for getting processed by all BeanPostProcessors (for example: not eligible for auto-proxying)
2023-02-24 10::40::53 [restartedMain] INFO  o.s.b.w.e.tomcat.TomcatWebServer - Tomcat initialized with port(s): 8400 (http)
2023-02-24 10::40::53 [restartedMain] INFO  o.a.coyote.http11.Http11NioProtocol - Initializing ProtocolHandler ["http-nio-8400"]
2023-02-24 10::40::53 [restartedMain] INFO  o.a.catalina.core.StandardService - Starting service [Tomcat]
2023-02-24 10::40::53 [restartedMain] INFO  o.a.catalina.core.StandardEngine - Starting Servlet engine: [Apache Tomcat/9.0.41]
2023-02-24 10::40::53 [restartedMain] INFO  o.a.c.c.C.[.[localhost].[/auth] - Initializing Spring embedded WebApplicationContext
2023-02-24 10::40::53 [restartedMain] INFO  o.s.b.w.s.c.ServletWebServerApplicationContext - Root WebApplicationContext: initialization completed in 3613 ms
2023-02-24 10::40::53 [restartedMain] INFO  com.zaxxer.hikari.HikariDataSource - HikariPool-2 - Starting...
2023-02-24 10::40::53 [restartedMain] INFO  com.zaxxer.hikari.HikariDataSource - HikariPool-2 - Start completed.
2023-02-24 10::40::53 [restartedMain] INFO  o.s.b.a.h.H2ConsoleAutoConfiguration - H2 console available at '/db'. Database available at 'jdbc:h2:mem:testdb'
2023-02-24 10::40::53 [restartedMain] INFO  o.h.jpa.internal.util.LogHelper - HHH000204: Processing PersistenceUnitInfo [name: default]
2023-02-24 10::40::53 [restartedMain] INFO  org.hibernate.dialect.Dialect - HHH000400: Using dialect: org.hibernate.dialect.H2Dialect
2023-02-24 10::40::53 [restartedMain] INFO  o.h.e.t.j.p.i.JtaPlatformInitiator - HHH000490: Using JtaPlatform implementation: [org.hibernate.engine.transaction.jta.platform.internal.NoJtaPlatform]
2023-02-24 10::40::53 [restartedMain] INFO  o.s.o.j.LocalContainerEntityManagerFactoryBean - Initialized JPA EntityManagerFactory for persistence unit 'default'
2023-02-24 10::40::53 [restartedMain] INFO  s.d.s.w.PropertySourcedRequestMappingHandlerMapping - Mapped URL path [/v2/api-docs] onto method [springfox.documentation.swagger2.web.Swagger2Controller#getDocumentation(String, HttpServletRequest)]
2023-02-24 10::40::53 [restartedMain] INFO  o.s.s.web.DefaultSecurityFilterChain - Will secure any request with [org.springframework.security.web.context.request.async.WebAsyncManagerIntegrationFilter@28f13fb4, org.springframework.security.web.context.SecurityContextPersistenceFilter@5f1ea126, org.springframework.security.web.header.HeaderWriterFilter@54b96889, org.springframework.security.web.authentication.logout.LogoutFilter@7befe057, com.cts.authorization.config.JwtRequestFilter@18e87fb, org.springframework.security.web.savedrequest.RequestCacheAwareFilter@49a110f5, org.springframework.security.web.servletapi.SecurityContextHolderAwareRequestFilter@5643c468, org.springframework.security.web.authentication.AnonymousAuthenticationFilter@4686fc8d, org.springframework.security.web.session.SessionManagementFilter@30eecbc9, org.springframework.security.web.access.ExceptionTranslationFilter@36f41bb3, org.springframework.security.web.access.intercept.FilterSecurityInterceptor@586c22f9]
2023-02-24 10::40::53 [restartedMain] INFO  o.s.s.c.ThreadPoolTaskExecutor - Initializing ExecutorService 'applicationTaskExecutor'
2023-02-24 10::40::53 [restartedMain] INFO  o.a.coyote.http11.Http11NioProtocol - Starting ProtocolHandler ["http-nio-8400"]
2023-02-24 10::40::53 [restartedMain] INFO  o.s.b.w.e.tomcat.TomcatWebServer - Tomcat started on port(s): 8400 (http) with context path '/auth'
2023-02-24 10::40::53 [restartedMain] INFO  s.d.s.w.p.DocumentationPluginsBootstrapper - Context refreshed
2023-02-24 10::40::53 [restartedMain] INFO  s.d.s.w.p.DocumentationPluginsBootstrapper - Found 1 custom documentation plugin(s)
2023-02-24 10::40::53 [restartedMain] INFO  s.d.s.w.s.ApiListingReferenceScanner - Scanning for api listing references
2023-02-24 10::40::53 [restartedMain] INFO  c.c.a.AuthorizationmicroserviceApplication - Started AuthorizationmicroserviceApplication in 6.725 seconds (JVM running for 6325.283)
2023-02-24 10::40::53 [restartedMain] INFO  o.s.b.d.a.ConditionEvaluationDeltaLoggingListener - Condition evaluation unchanged
2023-02-24 10::40::53 [http-nio-8400-exec-1] INFO  o.a.c.c.C.[.[localhost].[/auth] - Initializing Spring DispatcherServlet 'dispatcherServlet'
2023-02-24 10::40::53 [http-nio-8400-exec-1] INFO  o.s.web.servlet.DispatcherServlet - Initializing Servlet 'dispatcherServlet'
2023-02-24 10::40::53 [http-nio-8400-exec-1] INFO  o.s.web.servlet.DispatcherServlet - Completed initialization in 467 ms
2023-02-24 10::40::53 [http-nio-8400-exec-8] INFO  c.c.a.c.JwtAuthenticationController - Inside authenticate Method==================================
2023-02-24 10::40::53 [http-nio-8400-exec-5] INFO  c.c.a.c.JwtAuthenticationController - Inside authenticate Method==================================
2023-02-24 10::40::53 [http-nio-8400-exec-8] INFO  c.c.a.service.JwtUserDetailsService - User found
2023-02-24 10::40::53 [http-nio-8400-exec-5] INFO  c.c.a.service.JwtUserDetailsService - User found
2023-02-24 10::40::53 [http-nio-8400-exec-8] INFO  c.c.a.service.JwtUserDetailsService - user successfully located
2023-02-24 10::40::53 [http-nio-8400-exec-5] INFO  c.c.a.service.JwtUserDetailsService - user successfully located
2023-02-24 10::40::53 [http-nio-8400-exec-8] INFO  c.c.a.c.JwtAuthenticationController - Authentication Successful.....
2023-02-24 10::40::53 [http-nio-8400-exec-5] INFO  c.c.a.c.JwtAuthenticationController - Authentication Successful.....
2023-02-24 10::40::53 [http-nio-8400-exec-8] INFO  c.c.a.service.JwtUserDetailsService - User found
2023-02-24 10::40::53 [http-nio-8400-exec-8] INFO  c.c.a.service.JwtUserDetailsService - user successfully located
2023-02-24 10::40::53 [http-nio-8400-exec-5] INFO  c.c.a.service.JwtUserDetailsService - User found
2023-02-24 10::40::53 [http-nio-8400-exec-8] INFO  c.c.a.c.JwtAuthenticationController - com.cts.authorization.model.MyUserDeails@3d057e53
2023-02-24 10::40::53 [http-nio-8400-exec-5] INFO  c.c.a.service.JwtUserDetailsService - user successfully located
2023-02-24 10::40::53 [http-nio-8400-exec-5] INFO  c.c.a.c.JwtAuthenticationController - com.cts.authorization.model.MyUserDeails@31973df6
2023-02-24 10::40::53 [http-nio-8400-exec-9] INFO  c.c.a.c.JwtAuthenticationController - Inside authenticate Method==================================
2023-02-24 10::40::53 [http-nio-8400-exec-9] INFO  c.c.a.service.JwtUserDetailsService - User found
2023-02-24 10::40::53 [http-nio-8400-exec-9] INFO  c.c.a.service.JwtUserDetailsService - user successfully located
2023-02-24 10::40::53 [http-nio-8400-exec-9] INFO  c.c.a.c.JwtAuthenticationController - Authentication Successful.....
2023-02-24 10::40::53 [http-nio-8400-exec-9] INFO  c.c.a.service.JwtUserDetailsService - User found
2023-02-24 10::40::53 [http-nio-8400-exec-9] INFO  c.c.a.service.JwtUserDetailsService - user successfully located
2023-02-24 10::40::53 [http-nio-8400-exec-9] INFO  c.c.a.c.JwtAuthenticationController - com.cts.authorization.model.MyUserDeails@2aee90db
2023-02-24 10::40::53 [http-nio-8400-exec-7] INFO  c.c.a.c.JwtAuthenticationController - Inside authenticate Method==================================
2023-02-24 10::40::53 [http-nio-8400-exec-7] INFO  c.c.a.service.JwtUserDetailsService - User found
2023-02-24 10::40::53 [http-nio-8400-exec-7] INFO  c.c.a.service.JwtUserDetailsService - user successfully located
2023-02-24 10::40::53 [http-nio-8400-exec-7] INFO  c.c.a.c.JwtAuthenticationController - Authentication Successful.....
2023-02-24 10::40::53 [http-nio-8400-exec-7] INFO  c.c.a.service.JwtUserDetailsService - User found
2023-02-24 10::40::53 [http-nio-8400-exec-7] INFO  c.c.a.service.JwtUserDetailsService - user successfully located
2023-02-24 10::40::53 [http-nio-8400-exec-7] INFO  c.c.a.c.JwtAuthenticationController - com.cts.authorization.model.MyUserDeails@4be9e94b
2023-02-24 14::41::27 [restartedMain] INFO  c.c.a.AuthorizationmicroserviceApplication - Starting AuthorizationmicroserviceApplication using Java 17.0.3 on DESKTOP-TIAGQ42 with PID 12568 (C:\Users\Vignesh\git\doctor-patient-appointment-system_mdu22csdaj001_pod-1\authorizationmicroservice\target\classes started by Vignesh in C:\Users\Vignesh\git\doctor-patient-appointment-system_mdu22csdaj001_pod-1\authorizationmicroservice)
2023-02-24 14::41::27 [restartedMain] INFO  c.c.a.AuthorizationmicroserviceApplication - No active profile set, falling back to default profiles: default
2023-02-24 14::41::27 [restartedMain] INFO  o.s.b.d.e.DevToolsPropertyDefaultsPostProcessor - Devtools property defaults active! Set 'spring.devtools.add-properties' to 'false' to disable
2023-02-24 14::41::27 [restartedMain] INFO  o.s.b.d.e.DevToolsPropertyDefaultsPostProcessor - For additional web related logging consider setting the 'logging.level.web' property to 'DEBUG'
2023-02-24 14::41::27 [restartedMain] INFO  o.s.d.r.c.RepositoryConfigurationDelegate - Bootstrapping Spring Data JPA repositories in DEFAULT mode.
2023-02-24 14::41::27 [restartedMain] INFO  o.s.d.r.c.RepositoryConfigurationDelegate - Finished Spring Data repository scanning in 121 ms. Found 1 JPA repository interfaces.
2023-02-24 14::41::27 [restartedMain] INFO  o.s.cloud.context.scope.GenericScope - BeanFactory id=ffaa9280-8544-31bd-812d-d7f057a73be8
2023-02-24 14::41::27 [restartedMain] INFO  o.s.c.s.PostProcessorRegistrationDelegate$BeanPostProcessorChecker - Bean 'org.springframework.security.access.expression.method.DefaultMethodSecurityExpressionHandler@7b914692' of type [org.springframework.security.access.expression.method.DefaultMethodSecurityExpressionHandler] is not eligible for getting processed by all BeanPostProcessors (for example: not eligible for auto-proxying)
2023-02-24 14::41::27 [restartedMain] INFO  o.s.c.s.PostProcessorRegistrationDelegate$BeanPostProcessorChecker - Bean 'methodSecurityMetadataSource' of type [org.springframework.security.access.method.DelegatingMethodSecurityMetadataSource] is not eligible for getting processed by all BeanPostProcessors (for example: not eligible for auto-proxying)
2023-02-24 14::41::27 [restartedMain] INFO  o.s.b.w.e.tomcat.TomcatWebServer - Tomcat initialized with port(s): 8400 (http)
2023-02-24 14::41::27 [restartedMain] INFO  o.a.coyote.http11.Http11NioProtocol - Initializing ProtocolHandler ["http-nio-8400"]
2023-02-24 14::41::27 [restartedMain] INFO  o.a.catalina.core.StandardService - Starting service [Tomcat]
2023-02-24 14::41::27 [restartedMain] INFO  o.a.catalina.core.StandardEngine - Starting Servlet engine: [Apache Tomcat/9.0.41]
2023-02-24 14::41::27 [restartedMain] INFO  o.a.c.c.C.[.[localhost].[/auth] - Initializing Spring embedded WebApplicationContext
2023-02-24 14::41::27 [restartedMain] INFO  o.s.b.w.s.c.ServletWebServerApplicationContext - Root WebApplicationContext: initialization completed in 5228 ms
2023-02-24 14::41::27 [restartedMain] INFO  com.zaxxer.hikari.HikariDataSource - HikariPool-1 - Starting...
2023-02-24 14::41::27 [restartedMain] INFO  com.zaxxer.hikari.HikariDataSource - HikariPool-1 - Start completed.
2023-02-24 14::41::27 [restartedMain] INFO  o.s.b.a.h.H2ConsoleAutoConfiguration - H2 console available at '/db'. Database available at 'jdbc:h2:mem:testdb'
2023-02-24 14::41::27 [restartedMain] INFO  o.h.jpa.internal.util.LogHelper - HHH000204: Processing PersistenceUnitInfo [name: default]
2023-02-24 14::41::27 [restartedMain] INFO  org.hibernate.Version - HHH000412: Hibernate ORM core version 5.4.27.Final
2023-02-24 14::41::27 [restartedMain] INFO  o.h.annotations.common.Version - HCANN000001: Hibernate Commons Annotations {5.1.2.Final}
2023-02-24 14::41::27 [restartedMain] INFO  org.hibernate.dialect.Dialect - HHH000400: Using dialect: org.hibernate.dialect.H2Dialect
2023-02-24 14::41::27 [restartedMain] INFO  o.h.e.t.j.p.i.JtaPlatformInitiator - HHH000490: Using JtaPlatform implementation: [org.hibernate.engine.transaction.jta.platform.internal.NoJtaPlatform]
2023-02-24 14::41::27 [restartedMain] INFO  o.s.o.j.LocalContainerEntityManagerFactoryBean - Initialized JPA EntityManagerFactory for persistence unit 'default'
2023-02-24 14::41::27 [restartedMain] INFO  s.d.s.w.PropertySourcedRequestMappingHandlerMapping - Mapped URL path [/v2/api-docs] onto method [springfox.documentation.swagger2.web.Swagger2Controller#getDocumentation(String, HttpServletRequest)]
2023-02-24 14::41::27 [restartedMain] INFO  o.s.s.web.DefaultSecurityFilterChain - Will secure any request with [org.springframework.security.web.context.request.async.WebAsyncManagerIntegrationFilter@655ef6e7, org.springframework.security.web.context.SecurityContextPersistenceFilter@719b936, org.springframework.security.web.header.HeaderWriterFilter@1f07658b, org.springframework.security.web.authentication.logout.LogoutFilter@a9abe30, com.cts.authorization.config.JwtRequestFilter@5a2ac94, org.springframework.security.web.savedrequest.RequestCacheAwareFilter@22ae27ff, org.springframework.security.web.servletapi.SecurityContextHolderAwareRequestFilter@15b211da, org.springframework.security.web.authentication.AnonymousAuthenticationFilter@3845d2cb, org.springframework.security.web.session.SessionManagementFilter@4bc67f4f, org.springframework.security.web.access.ExceptionTranslationFilter@412a9d35, org.springframework.security.web.access.intercept.FilterSecurityInterceptor@39584ac7]
2023-02-24 14::41::27 [restartedMain] INFO  o.s.s.c.ThreadPoolTaskExecutor - Initializing ExecutorService 'applicationTaskExecutor'
2023-02-24 14::41::27 [restartedMain] INFO  o.a.coyote.http11.Http11NioProtocol - Starting ProtocolHandler ["http-nio-8400"]
2023-02-24 14::41::27 [restartedMain] INFO  o.s.b.w.e.tomcat.TomcatWebServer - Tomcat started on port(s): 8400 (http) with context path '/auth'
2023-02-24 14::41::27 [restartedMain] INFO  s.d.s.w.p.DocumentationPluginsBootstrapper - Context refreshed
2023-02-24 14::41::27 [restartedMain] INFO  s.d.s.w.p.DocumentationPluginsBootstrapper - Found 1 custom documentation plugin(s)
2023-02-24 14::41::27 [restartedMain] INFO  s.d.s.w.s.ApiListingReferenceScanner - Scanning for api listing references
2023-02-24 14::41::27 [restartedMain] INFO  c.c.a.AuthorizationmicroserviceApplication - Started AuthorizationmicroserviceApplication in 14.87 seconds (JVM running for 16.381)
2023-02-24 14::41::27 [http-nio-8400-exec-1] INFO  o.a.c.c.C.[.[localhost].[/auth] - Initializing Spring DispatcherServlet 'dispatcherServlet'
2023-02-24 14::41::27 [http-nio-8400-exec-1] INFO  o.s.web.servlet.DispatcherServlet - Initializing Servlet 'dispatcherServlet'
2023-02-24 14::41::27 [http-nio-8400-exec-1] INFO  o.s.web.servlet.DispatcherServlet - Completed initialization in 1 ms
2023-02-24 14::41::27 [http-nio-8400-exec-2] INFO  c.c.a.c.JwtAuthenticationController - Inside authenticate Method==================================
2023-02-24 14::41::27 [http-nio-8400-exec-2] INFO  c.c.a.service.JwtUserDetailsService - User found
2023-02-24 14::41::27 [http-nio-8400-exec-2] INFO  c.c.a.service.JwtUserDetailsService - user successfully located
2023-02-24 14::41::27 [http-nio-8400-exec-2] INFO  c.c.a.c.JwtAuthenticationController - Authentication Successful.....
2023-02-24 14::41::27 [http-nio-8400-exec-2] INFO  c.c.a.service.JwtUserDetailsService - User found
2023-02-24 14::41::27 [http-nio-8400-exec-2] INFO  c.c.a.service.JwtUserDetailsService - user successfully located
2023-02-24 14::41::27 [http-nio-8400-exec-2] INFO  c.c.a.c.JwtAuthenticationController - com.cts.authorization.model.MyUserDeails@1d250ad1
2023-02-24 14::41::27 [http-nio-8400-exec-3] INFO  c.c.a.c.JwtAuthenticationController - Inside authenticate Method==================================
2023-02-24 14::41::27 [http-nio-8400-exec-4] INFO  c.c.a.c.JwtAuthenticationController - Inside authenticate Method==================================
2023-02-24 14::41::27 [http-nio-8400-exec-4] INFO  c.c.a.service.JwtUserDetailsService - User found
2023-02-24 14::41::27 [http-nio-8400-exec-4] INFO  c.c.a.service.JwtUserDetailsService - user successfully located
2023-02-24 14::41::27 [http-nio-8400-exec-4] INFO  c.c.a.c.JwtAuthenticationController - Authentication Successful.....
2023-02-24 14::41::27 [http-nio-8400-exec-4] INFO  c.c.a.service.JwtUserDetailsService - User found
2023-02-24 14::41::27 [http-nio-8400-exec-4] INFO  c.c.a.service.JwtUserDetailsService - user successfully located
2023-02-24 14::41::27 [http-nio-8400-exec-4] INFO  c.c.a.c.JwtAuthenticationController - com.cts.authorization.model.MyUserDeails@5727b8b4
2023-02-24 14::41::27 [http-nio-8400-exec-6] INFO  c.c.a.c.JwtAuthenticationController - Inside authenticate Method==================================
2023-02-24 14::41::27 [http-nio-8400-exec-6] INFO  c.c.a.service.JwtUserDetailsService - User found
2023-02-24 14::41::27 [http-nio-8400-exec-6] INFO  c.c.a.service.JwtUserDetailsService - user successfully located
2023-02-24 14::41::27 [http-nio-8400-exec-6] INFO  c.c.a.c.JwtAuthenticationController - Authentication Successful.....
2023-02-24 14::41::27 [http-nio-8400-exec-6] INFO  c.c.a.service.JwtUserDetailsService - User found
2023-02-24 14::41::27 [http-nio-8400-exec-6] INFO  c.c.a.service.JwtUserDetailsService - user successfully located
2023-02-24 14::41::27 [http-nio-8400-exec-6] INFO  c.c.a.c.JwtAuthenticationController - com.cts.authorization.model.MyUserDeails@123efcc9
