2023-02-23 12::34::29 [main] INFO  o.s.b.t.c.SpringBootTestContextBootstrapper - Neither @ContextConfiguration nor @ContextHierarchy found for test class [com.cts.authorization.service.JwtUserDetailsServiceTest], using SpringBootContextLoader
2023-02-23 12::34::29 [main] INFO  o.s.t.c.s.AbstractContextLoader - Could not detect default resource locations for test class [com.cts.authorization.service.JwtUserDetailsServiceTest]: no resource found for suffixes {-context.xml, Context.groovy}.
2023-02-23 12::34::29 [main] INFO  o.s.t.c.s.AnnotationConfigContextLoaderUtils - Could not detect default configuration classes for test class [com.cts.authorization.service.JwtUserDetailsServiceTest]: JwtUserDetailsServiceTest does not declare any static, non-private, non-final, nested classes annotated with @Configuration.
2023-02-23 12::34::29 [main] INFO  o.s.b.t.c.SpringBootTestContextBootstrapper - Found @SpringBootConfiguration com.cts.authorization.AuthorizationmicroserviceApplication for test class com.cts.authorization.service.JwtUserDetailsServiceTest
2023-02-23 12::34::29 [main] INFO  o.s.b.t.c.SpringBootTestContextBootstrapper - Loaded default TestExecutionListener class names from location [META-INF/spring.factories]: [org.springframework.boot.test.mock.mockito.MockitoTestExecutionListener, org.springframework.boot.test.mock.mockito.ResetMocksTestExecutionListener, org.springframework.boot.test.autoconfigure.restdocs.RestDocsTestExecutionListener, org.springframework.boot.test.autoconfigure.web.client.MockRestServiceServerResetTestExecutionListener, org.springframework.boot.test.autoconfigure.web.servlet.MockMvcPrintOnlyOnFailureTestExecutionListener, org.springframework.boot.test.autoconfigure.web.servlet.WebDriverTestExecutionListener, org.springframework.boot.test.autoconfigure.webservices.client.MockWebServiceServerTestExecutionListener, org.springframework.test.context.web.ServletTestExecutionListener, org.springframework.test.context.support.DirtiesContextBeforeModesTestExecutionListener, org.springframework.test.context.event.ApplicationEventsTestExecutionListener, org.springframework.test.context.support.DependencyInjectionTestExecutionListener, org.springframework.test.context.support.DirtiesContextTestExecutionListener, org.springframework.test.context.transaction.TransactionalTestExecutionListener, org.springframework.test.context.jdbc.SqlScriptsTestExecutionListener, org.springframework.test.context.event.EventPublishingTestExecutionListener, org.springframework.security.test.context.support.WithSecurityContextTestExecutionListener, org.springframework.security.test.context.support.ReactorContextTestExecutionListener]
2023-02-23 12::34::29 [main] INFO  o.s.b.t.c.SpringBootTestContextBootstrapper - Using TestExecutionListeners: [org.springframework.test.context.web.ServletTestExecutionListener@6d672bd4, org.springframework.test.context.support.DirtiesContextBeforeModesTestExecutionListener@67770b37, org.springframework.test.context.event.ApplicationEventsTestExecutionListener@72906e, org.springframework.boot.test.mock.mockito.MockitoTestExecutionListener@5529ff44, org.springframework.boot.test.autoconfigure.SpringBootDependencyInjectionTestExecutionListener@14447be, org.springframework.test.context.support.DirtiesContextTestExecutionListener@5eb5da12, org.springframework.test.context.transaction.TransactionalTestExecutionListener@4a50d04a, org.springframework.test.context.jdbc.SqlScriptsTestExecutionListener@5099c59b, org.springframework.test.context.event.EventPublishingTestExecutionListener@73c31181, org.springframework.security.test.context.support.WithSecurityContextTestExecutionListener@3d620a1, org.springframework.security.test.context.support.ReactorContextTestExecutionListener@4f486211, org.springframework.boot.test.mock.mockito.ResetMocksTestExecutionListener@51e3d37e, org.springframework.boot.test.autoconfigure.restdocs.RestDocsTestExecutionListener@3a479fda, org.springframework.boot.test.autoconfigure.web.client.MockRestServiceServerResetTestExecutionListener@8a6631b, org.springframework.boot.test.autoconfigure.web.servlet.MockMvcPrintOnlyOnFailureTestExecutionListener@472d0f4, org.springframework.boot.test.autoconfigure.web.servlet.WebDriverTestExecutionListener@4bc59b27, org.springframework.boot.test.autoconfigure.webservices.client.MockWebServiceServerTestExecutionListener@4d7a64ca]
2023-02-23 12::34::31 [main] INFO  c.c.a.s.JwtUserDetailsServiceTest - Starting JwtUserDetailsServiceTest using Java 17.0.3 on DESKTOP-TIAGQ42 with PID 11376 (started by Vignesh in C:\Users\Vignesh\git\doctor-patient-appointment-system_mdu22csdaj001_pod-1\authorizationmicroservice)
2023-02-23 12::34::31 [main] INFO  c.c.a.s.JwtUserDetailsServiceTest - No active profile set, falling back to default profiles: default
2023-02-23 12::34::31 [main] INFO  o.s.d.r.c.RepositoryConfigurationDelegate - Bootstrapping Spring Data JPA repositories in DEFAULT mode.
2023-02-23 12::34::31 [main] INFO  o.s.d.r.c.RepositoryConfigurationDelegate - Finished Spring Data repository scanning in 107 ms. Found 1 JPA repository interfaces.
2023-02-23 12::34::31 [main] INFO  o.s.cloud.context.scope.GenericScope - BeanFactory id=f4a1bab1-fd44-3a96-80ea-e0ccd2db67be
2023-02-23 12::34::31 [main] INFO  o.s.c.s.PostProcessorRegistrationDelegate$BeanPostProcessorChecker - Bean 'org.springframework.security.access.expression.method.DefaultMethodSecurityExpressionHandler@362109d0' of type [org.springframework.security.access.expression.method.DefaultMethodSecurityExpressionHandler] is not eligible for getting processed by all BeanPostProcessors (for example: not eligible for auto-proxying)
2023-02-23 12::34::31 [main] INFO  o.s.c.s.PostProcessorRegistrationDelegate$BeanPostProcessorChecker - Bean 'methodSecurityMetadataSource' of type [org.springframework.security.access.method.DelegatingMethodSecurityMetadataSource] is not eligible for getting processed by all BeanPostProcessors (for example: not eligible for auto-proxying)
2023-02-23 12::34::31 [main] INFO  com.zaxxer.hikari.HikariDataSource - HikariPool-1 - Starting...
2023-02-23 12::34::31 [main] INFO  com.zaxxer.hikari.HikariDataSource - HikariPool-1 - Start completed.
2023-02-23 12::34::31 [main] INFO  o.h.jpa.internal.util.LogHelper - HHH000204: Processing PersistenceUnitInfo [name: default]
2023-02-23 12::34::31 [main] INFO  org.hibernate.Version - HHH000412: Hibernate ORM core version 5.4.27.Final
2023-02-23 12::34::31 [main] INFO  o.h.annotations.common.Version - HCANN000001: Hibernate Commons Annotations {5.1.2.Final}
2023-02-23 12::34::31 [main] INFO  org.hibernate.dialect.Dialect - HHH000400: Using dialect: org.hibernate.dialect.H2Dialect
2023-02-23 12::34::31 [main] INFO  o.h.e.t.j.p.i.JtaPlatformInitiator - HHH000490: Using JtaPlatform implementation: [org.hibernate.engine.transaction.jta.platform.internal.NoJtaPlatform]
2023-02-23 12::34::31 [main] INFO  o.s.o.j.LocalContainerEntityManagerFactoryBean - Initialized JPA EntityManagerFactory for persistence unit 'default'
2023-02-23 12::34::31 [main] INFO  o.s.b.a.h.H2ConsoleAutoConfiguration - H2 console available at '/db'. Database available at 'jdbc:h2:mem:testdb'
2023-02-23 12::34::31 [main] INFO  s.d.s.w.PropertySourcedRequestMappingHandlerMapping - Mapped URL path [/v2/api-docs] onto method [springfox.documentation.swagger2.web.Swagger2Controller#getDocumentation(String, HttpServletRequest)]
2023-02-23 12::34::31 [main] INFO  o.s.s.web.DefaultSecurityFilterChain - Will secure any request with [org.springframework.security.web.context.request.async.WebAsyncManagerIntegrationFilter@81368c9, org.springframework.security.web.context.SecurityContextPersistenceFilter@7ac8e06a, org.springframework.security.web.header.HeaderWriterFilter@3c5c64d6, org.springframework.security.web.authentication.logout.LogoutFilter@459c4adc, com.cts.authorization.config.JwtRequestFilter@755cc0c9, org.springframework.security.web.savedrequest.RequestCacheAwareFilter@55710b6e, org.springframework.security.web.servletapi.SecurityContextHolderAwareRequestFilter@6516dd09, org.springframework.security.web.authentication.AnonymousAuthenticationFilter@20e51471, org.springframework.security.web.session.SessionManagementFilter@11dd352a, org.springframework.security.web.access.ExceptionTranslationFilter@57b7287c, org.springframework.security.web.access.intercept.FilterSecurityInterceptor@52de93f1]
2023-02-23 12::34::31 [main] INFO  o.s.s.c.ThreadPoolTaskExecutor - Initializing ExecutorService 'applicationTaskExecutor'
2023-02-23 12::34::31 [main] INFO  s.d.s.w.p.DocumentationPluginsBootstrapper - Context refreshed
2023-02-23 12::34::31 [main] INFO  s.d.s.w.p.DocumentationPluginsBootstrapper - Found 1 custom documentation plugin(s)
2023-02-23 12::34::31 [main] INFO  s.d.s.w.s.ApiListingReferenceScanner - Scanning for api listing references
2023-02-23 12::34::31 [main] INFO  c.c.a.s.JwtUserDetailsServiceTest - Started JwtUserDetailsServiceTest in 17.663 seconds (JVM running for 24.353)
2023-02-23 12::34::31 [main] INFO  c.c.a.service.JwtUserDetailsService - User found
2023-02-23 12::34::31 [main] INFO  c.c.a.service.JwtUserDetailsService - user successfully located
2023-02-23 12::34::31 [main] INFO  o.s.b.t.c.SpringBootTestContextBootstrapper - Neither @ContextConfiguration nor @ContextHierarchy found for test class [com.cts.authorization.AuthorizationmicroserviceApplicationTests], using SpringBootContextLoader
2023-02-23 12::34::31 [main] INFO  o.s.t.c.s.AbstractContextLoader - Could not detect default resource locations for test class [com.cts.authorization.AuthorizationmicroserviceApplicationTests]: no resource found for suffixes {-context.xml, Context.groovy}.
2023-02-23 12::34::31 [main] INFO  o.s.t.c.s.AnnotationConfigContextLoaderUtils - Could not detect default configuration classes for test class [com.cts.authorization.AuthorizationmicroserviceApplicationTests]: AuthorizationmicroserviceApplicationTests does not declare any static, non-private, non-final, nested classes annotated with @Configuration.
2023-02-23 12::34::31 [main] INFO  o.s.b.t.c.SpringBootTestContextBootstrapper - Found @SpringBootConfiguration com.cts.authorization.AuthorizationmicroserviceApplication for test class com.cts.authorization.AuthorizationmicroserviceApplicationTests
2023-02-23 12::34::31 [main] INFO  o.s.b.t.c.SpringBootTestContextBootstrapper - Loaded default TestExecutionListener class names from location [META-INF/spring.factories]: [org.springframework.boot.test.mock.mockito.MockitoTestExecutionListener, org.springframework.boot.test.mock.mockito.ResetMocksTestExecutionListener, org.springframework.boot.test.autoconfigure.restdocs.RestDocsTestExecutionListener, org.springframework.boot.test.autoconfigure.web.client.MockRestServiceServerResetTestExecutionListener, org.springframework.boot.test.autoconfigure.web.servlet.MockMvcPrintOnlyOnFailureTestExecutionListener, org.springframework.boot.test.autoconfigure.web.servlet.WebDriverTestExecutionListener, org.springframework.boot.test.autoconfigure.webservices.client.MockWebServiceServerTestExecutionListener, org.springframework.test.context.web.ServletTestExecutionListener, org.springframework.test.context.support.DirtiesContextBeforeModesTestExecutionListener, org.springframework.test.context.event.ApplicationEventsTestExecutionListener, org.springframework.test.context.support.DependencyInjectionTestExecutionListener, org.springframework.test.context.support.DirtiesContextTestExecutionListener, org.springframework.test.context.transaction.TransactionalTestExecutionListener, org.springframework.test.context.jdbc.SqlScriptsTestExecutionListener, org.springframework.test.context.event.EventPublishingTestExecutionListener, org.springframework.security.test.context.support.WithSecurityContextTestExecutionListener, org.springframework.security.test.context.support.ReactorContextTestExecutionListener]
2023-02-23 12::34::31 [main] INFO  o.s.b.t.c.SpringBootTestContextBootstrapper - Using TestExecutionListeners: [org.springframework.test.context.web.ServletTestExecutionListener@77fa31b7, org.springframework.test.context.support.DirtiesContextBeforeModesTestExecutionListener@64664211, org.springframework.test.context.event.ApplicationEventsTestExecutionListener@1f978766, org.springframework.boot.test.mock.mockito.MockitoTestExecutionListener@658a2b99, org.springframework.boot.test.autoconfigure.SpringBootDependencyInjectionTestExecutionListener@435bc916, org.springframework.test.context.support.DirtiesContextTestExecutionListener@157b7da6, org.springframework.test.context.transaction.TransactionalTestExecutionListener@36f464d8, org.springframework.test.context.jdbc.SqlScriptsTestExecutionListener@296577c, org.springframework.test.context.event.EventPublishingTestExecutionListener@1f182d41, org.springframework.security.test.context.support.WithSecurityContextTestExecutionListener@5140f549, org.springframework.security.test.context.support.ReactorContextTestExecutionListener@4407991d, org.springframework.boot.test.mock.mockito.ResetMocksTestExecutionListener@741a0b56, org.springframework.boot.test.autoconfigure.restdocs.RestDocsTestExecutionListener@2ab652b1, org.springframework.boot.test.autoconfigure.web.client.MockRestServiceServerResetTestExecutionListener@7c8a1013, org.springframework.boot.test.autoconfigure.web.servlet.MockMvcPrintOnlyOnFailureTestExecutionListener@43da1ee, org.springframework.boot.test.autoconfigure.web.servlet.WebDriverTestExecutionListener@20d95a84, org.springframework.boot.test.autoconfigure.webservices.client.MockWebServiceServerTestExecutionListener@38e2b7f4]
2023-02-23 12::34::50 [main] INFO  c.c.a.AuthorizationmicroserviceApplication - Starting AuthorizationmicroserviceApplication using Java 17.0.3 on DESKTOP-TIAGQ42 with PID 11376 (started by Vignesh in C:\Users\Vignesh\git\doctor-patient-appointment-system_mdu22csdaj001_pod-1\authorizationmicroservice)
2023-02-23 12::34::50 [main] INFO  c.c.a.AuthorizationmicroserviceApplication - No active profile set, falling back to default profiles: default
2023-02-23 12::34::50 [main] INFO  o.s.d.r.c.RepositoryConfigurationDelegate - Bootstrapping Spring Data JPA repositories in DEFAULT mode.
2023-02-23 12::34::50 [main] INFO  o.s.d.r.c.RepositoryConfigurationDelegate - Finished Spring Data repository scanning in 23 ms. Found 1 JPA repository interfaces.
2023-02-23 12::34::50 [main] INFO  o.s.cloud.context.scope.GenericScope - BeanFactory id=8e013705-edb5-353b-ab9a-995ad89b23fc
2023-02-23 12::34::50 [main] INFO  o.s.c.s.PostProcessorRegistrationDelegate$BeanPostProcessorChecker - Bean 'org.springframework.security.access.expression.method.DefaultMethodSecurityExpressionHandler@227e568f' of type [org.springframework.security.access.expression.method.DefaultMethodSecurityExpressionHandler] is not eligible for getting processed by all BeanPostProcessors (for example: not eligible for auto-proxying)
2023-02-23 12::34::50 [main] INFO  o.s.c.s.PostProcessorRegistrationDelegate$BeanPostProcessorChecker - Bean 'methodSecurityMetadataSource' of type [org.springframework.security.access.method.DelegatingMethodSecurityMetadataSource] is not eligible for getting processed by all BeanPostProcessors (for example: not eligible for auto-proxying)
2023-02-23 12::34::50 [main] INFO  o.s.b.w.e.tomcat.TomcatWebServer - Tomcat initialized with port(s): 8400 (http)
2023-02-23 12::34::50 [main] INFO  o.a.coyote.http11.Http11NioProtocol - Initializing ProtocolHandler ["http-nio-8400"]
2023-02-23 12::34::50 [main] INFO  o.a.catalina.core.StandardService - Starting service [Tomcat]
2023-02-23 12::34::50 [main] INFO  o.a.catalina.core.StandardEngine - Starting Servlet engine: [Apache Tomcat/9.0.41]
2023-02-23 12::34::50 [main] INFO  o.a.c.c.C.[.[localhost].[/auth] - Initializing Spring embedded WebApplicationContext
2023-02-23 12::34::50 [main] INFO  o.s.b.w.s.c.ServletWebServerApplicationContext - Root WebApplicationContext: initialization completed in 1976 ms
2023-02-23 12::34::50 [main] INFO  com.zaxxer.hikari.HikariDataSource - HikariPool-2 - Starting...
2023-02-23 12::34::50 [main] INFO  com.zaxxer.hikari.HikariDataSource - HikariPool-2 - Start completed.
2023-02-23 12::34::50 [main] INFO  o.s.b.a.h.H2ConsoleAutoConfiguration - H2 console available at '/db'. Database available at 'jdbc:h2:mem:testdb'
2023-02-23 12::34::50 [main] INFO  o.h.jpa.internal.util.LogHelper - HHH000204: Processing PersistenceUnitInfo [name: default]
2023-02-23 12::34::50 [main] INFO  org.hibernate.dialect.Dialect - HHH000400: Using dialect: org.hibernate.dialect.H2Dialect
2023-02-23 12::34::50 [main] INFO  o.h.e.t.j.p.i.JtaPlatformInitiator - HHH000490: Using JtaPlatform implementation: [org.hibernate.engine.transaction.jta.platform.internal.NoJtaPlatform]
2023-02-23 12::34::50 [main] INFO  o.s.o.j.LocalContainerEntityManagerFactoryBean - Initialized JPA EntityManagerFactory for persistence unit 'default'
2023-02-23 12::34::50 [main] INFO  s.d.s.w.PropertySourcedRequestMappingHandlerMapping - Mapped URL path [/v2/api-docs] onto method [springfox.documentation.swagger2.web.Swagger2Controller#getDocumentation(String, HttpServletRequest)]
2023-02-23 12::34::50 [main] INFO  o.s.s.web.DefaultSecurityFilterChain - Will secure any request with [org.springframework.security.web.context.request.async.WebAsyncManagerIntegrationFilter@52b61928, org.springframework.security.web.context.SecurityContextPersistenceFilter@6629c70b, org.springframework.security.web.header.HeaderWriterFilter@7573459, org.springframework.security.web.authentication.logout.LogoutFilter@483f0e14, com.cts.authorization.config.JwtRequestFilter@512235a9, org.springframework.security.web.savedrequest.RequestCacheAwareFilter@528b4ccd, org.springframework.security.web.servletapi.SecurityContextHolderAwareRequestFilter@6c405f39, org.springframework.security.web.authentication.AnonymousAuthenticationFilter@745589f2, org.springframework.security.web.session.SessionManagementFilter@512bbc35, org.springframework.security.web.access.ExceptionTranslationFilter@441e1102, org.springframework.security.web.access.intercept.FilterSecurityInterceptor@3b74303c]
2023-02-23 12::34::50 [main] INFO  o.s.s.c.ThreadPoolTaskExecutor - Initializing ExecutorService 'applicationTaskExecutor'
2023-02-23 12::34::50 [main] INFO  o.a.coyote.http11.Http11NioProtocol - Starting ProtocolHandler ["http-nio-8400"]
2023-02-23 12::34::50 [main] INFO  o.s.b.w.e.tomcat.TomcatWebServer - Tomcat started on port(s): 8400 (http) with context path '/auth'
2023-02-23 12::34::50 [main] INFO  s.d.s.w.p.DocumentationPluginsBootstrapper - Context refreshed
2023-02-23 12::34::50 [main] INFO  s.d.s.w.p.DocumentationPluginsBootstrapper - Found 1 custom documentation plugin(s)
2023-02-23 12::34::50 [main] INFO  s.d.s.w.s.ApiListingReferenceScanner - Scanning for api listing references
2023-02-23 12::34::50 [main] INFO  c.c.a.AuthorizationmicroserviceApplication - Started AuthorizationmicroserviceApplication in 3.604 seconds (JVM running for 29.203)
2023-02-23 12::34::50 [main] INFO  o.s.b.t.c.SpringBootTestContextBootstrapper - Neither @ContextConfiguration nor @ContextHierarchy found for test class [com.cts.authorization.controller.JwtAuthenticationControllerEndPointsTest], using SpringBootContextLoader
2023-02-23 12::34::50 [main] INFO  o.s.t.c.s.AbstractContextLoader - Could not detect default resource locations for test class [com.cts.authorization.controller.JwtAuthenticationControllerEndPointsTest]: no resource found for suffixes {-context.xml, Context.groovy}.
2023-02-23 12::34::50 [main] INFO  o.s.t.c.s.AnnotationConfigContextLoaderUtils - Could not detect default configuration classes for test class [com.cts.authorization.controller.JwtAuthenticationControllerEndPointsTest]: JwtAuthenticationControllerEndPointsTest does not declare any static, non-private, non-final, nested classes annotated with @Configuration.
2023-02-23 12::34::50 [main] INFO  o.s.b.t.c.SpringBootTestContextBootstrapper - Found @SpringBootConfiguration com.cts.authorization.AuthorizationmicroserviceApplication for test class com.cts.authorization.controller.JwtAuthenticationControllerEndPointsTest
2023-02-23 12::34::50 [main] INFO  o.s.b.t.c.SpringBootTestContextBootstrapper - Loaded default TestExecutionListener class names from location [META-INF/spring.factories]: [org.springframework.boot.test.mock.mockito.MockitoTestExecutionListener, org.springframework.boot.test.mock.mockito.ResetMocksTestExecutionListener, org.springframework.boot.test.autoconfigure.restdocs.RestDocsTestExecutionListener, org.springframework.boot.test.autoconfigure.web.client.MockRestServiceServerResetTestExecutionListener, org.springframework.boot.test.autoconfigure.web.servlet.MockMvcPrintOnlyOnFailureTestExecutionListener, org.springframework.boot.test.autoconfigure.web.servlet.WebDriverTestExecutionListener, org.springframework.boot.test.autoconfigure.webservices.client.MockWebServiceServerTestExecutionListener, org.springframework.test.context.web.ServletTestExecutionListener, org.springframework.test.context.support.DirtiesContextBeforeModesTestExecutionListener, org.springframework.test.context.event.ApplicationEventsTestExecutionListener, org.springframework.test.context.support.DependencyInjectionTestExecutionListener, org.springframework.test.context.support.DirtiesContextTestExecutionListener, org.springframework.test.context.transaction.TransactionalTestExecutionListener, org.springframework.test.context.jdbc.SqlScriptsTestExecutionListener, org.springframework.test.context.event.EventPublishingTestExecutionListener, org.springframework.security.test.context.support.WithSecurityContextTestExecutionListener, org.springframework.security.test.context.support.ReactorContextTestExecutionListener]
2023-02-23 12::34::50 [main] INFO  o.s.b.t.c.SpringBootTestContextBootstrapper - Using TestExecutionListeners: [org.springframework.test.context.web.ServletTestExecutionListener@1d13d1df, org.springframework.test.context.support.DirtiesContextBeforeModesTestExecutionListener@e89860d, org.springframework.test.context.event.ApplicationEventsTestExecutionListener@1fd5207b, org.springframework.boot.test.mock.mockito.MockitoTestExecutionListener@31213477, org.springframework.boot.test.autoconfigure.SpringBootDependencyInjectionTestExecutionListener@32bf96a5, org.springframework.test.context.support.DirtiesContextTestExecutionListener@7044d711, org.springframework.test.context.transaction.TransactionalTestExecutionListener@4624e79a, org.springframework.test.context.jdbc.SqlScriptsTestExecutionListener@7e1ee1a5, org.springframework.test.context.event.EventPublishingTestExecutionListener@305a4a7d, org.springframework.security.test.context.support.WithSecurityContextTestExecutionListener@6670ff38, org.springframework.security.test.context.support.ReactorContextTestExecutionListener@709dc5b, org.springframework.boot.test.mock.mockito.ResetMocksTestExecutionListener@e1306d6, org.springframework.boot.test.autoconfigure.restdocs.RestDocsTestExecutionListener@6c78accb, org.springframework.boot.test.autoconfigure.web.client.MockRestServiceServerResetTestExecutionListener@d101743, org.springframework.boot.test.autoconfigure.web.servlet.MockMvcPrintOnlyOnFailureTestExecutionListener@44b2e9be, org.springframework.boot.test.autoconfigure.web.servlet.WebDriverTestExecutionListener@52016248, org.springframework.boot.test.autoconfigure.webservices.client.MockWebServiceServerTestExecutionListener@7bb68237]
2023-02-23 12::34::54 [main] INFO  c.c.a.c.JwtAuthenticationControllerEndPointsTest - Starting JwtAuthenticationControllerEndPointsTest using Java 17.0.3 on DESKTOP-TIAGQ42 with PID 11376 (started by Vignesh in C:\Users\Vignesh\git\doctor-patient-appointment-system_mdu22csdaj001_pod-1\authorizationmicroservice)
2023-02-23 12::34::54 [main] INFO  c.c.a.c.JwtAuthenticationControllerEndPointsTest - No active profile set, falling back to default profiles: default
2023-02-23 12::34::54 [main] INFO  o.s.d.r.c.RepositoryConfigurationDelegate - Bootstrapping Spring Data JPA repositories in DEFAULT mode.
2023-02-23 12::34::54 [main] INFO  o.s.d.r.c.RepositoryConfigurationDelegate - Finished Spring Data repository scanning in 26 ms. Found 1 JPA repository interfaces.
2023-02-23 12::34::54 [main] INFO  o.s.cloud.context.scope.GenericScope - BeanFactory id=3dfff7c6-d422-3a4c-854d-39adf63d696e
2023-02-23 12::34::54 [main] INFO  o.s.c.s.PostProcessorRegistrationDelegate$BeanPostProcessorChecker - Bean 'org.springframework.security.access.expression.method.DefaultMethodSecurityExpressionHandler@26428470' of type [org.springframework.security.access.expression.method.DefaultMethodSecurityExpressionHandler] is not eligible for getting processed by all BeanPostProcessors (for example: not eligible for auto-proxying)
2023-02-23 12::34::54 [main] INFO  o.s.c.s.PostProcessorRegistrationDelegate$BeanPostProcessorChecker - Bean 'methodSecurityMetadataSource' of type [org.springframework.security.access.method.DelegatingMethodSecurityMetadataSource] is not eligible for getting processed by all BeanPostProcessors (for example: not eligible for auto-proxying)
2023-02-23 12::34::54 [main] INFO  com.zaxxer.hikari.HikariDataSource - HikariPool-3 - Starting...
2023-02-23 12::34::54 [main] INFO  com.zaxxer.hikari.HikariDataSource - HikariPool-3 - Start completed.
2023-02-23 12::34::54 [main] INFO  o.h.jpa.internal.util.LogHelper - HHH000204: Processing PersistenceUnitInfo [name: default]
2023-02-23 12::34::54 [main] INFO  org.hibernate.dialect.Dialect - HHH000400: Using dialect: org.hibernate.dialect.H2Dialect
2023-02-23 12::34::54 [main] INFO  o.h.e.t.j.p.i.JtaPlatformInitiator - HHH000490: Using JtaPlatform implementation: [org.hibernate.engine.transaction.jta.platform.internal.NoJtaPlatform]
2023-02-23 12::34::54 [main] INFO  o.s.o.j.LocalContainerEntityManagerFactoryBean - Initialized JPA EntityManagerFactory for persistence unit 'default'
2023-02-23 12::34::54 [main] INFO  o.s.b.a.h.H2ConsoleAutoConfiguration - H2 console available at '/db'. Database available at 'jdbc:h2:mem:testdb'
2023-02-23 12::34::54 [main] INFO  s.d.s.w.PropertySourcedRequestMappingHandlerMapping - Mapped URL path [/v2/api-docs] onto method [springfox.documentation.swagger2.web.Swagger2Controller#getDocumentation(String, HttpServletRequest)]
2023-02-23 12::34::54 [main] INFO  o.s.s.web.DefaultSecurityFilterChain - Will secure any request with [org.springframework.security.web.context.request.async.WebAsyncManagerIntegrationFilter@5d1d7009, org.springframework.security.web.context.SecurityContextPersistenceFilter@4e3cb222, org.springframework.security.web.header.HeaderWriterFilter@493db44a, org.springframework.security.web.authentication.logout.LogoutFilter@454519b6, com.cts.authorization.config.JwtRequestFilter@147894f0, org.springframework.security.web.savedrequest.RequestCacheAwareFilter@7fcb12c1, org.springframework.security.web.servletapi.SecurityContextHolderAwareRequestFilter@5bf06696, org.springframework.security.web.authentication.AnonymousAuthenticationFilter@fee710a, org.springframework.security.web.session.SessionManagementFilter@3b81c0e6, org.springframework.security.web.access.ExceptionTranslationFilter@507c374b, org.springframework.security.web.access.intercept.FilterSecurityInterceptor@18f4f7aa]
2023-02-23 12::34::54 [main] INFO  o.s.s.c.ThreadPoolTaskExecutor - Initializing ExecutorService 'applicationTaskExecutor'
2023-02-23 12::34::54 [main] INFO  o.s.b.t.m.w.SpringBootMockServletContext - Initializing Spring TestDispatcherServlet ''
2023-02-23 12::34::54 [main] INFO  o.s.t.w.s.TestDispatcherServlet - Initializing Servlet ''
2023-02-23 12::34::54 [main] INFO  o.s.t.w.s.TestDispatcherServlet - Completed initialization in 2 ms
2023-02-23 12::34::54 [main] INFO  s.d.s.w.p.DocumentationPluginsBootstrapper - Context refreshed
2023-02-23 12::34::54 [main] INFO  s.d.s.w.p.DocumentationPluginsBootstrapper - Found 1 custom documentation plugin(s)
2023-02-23 12::34::54 [main] INFO  s.d.s.w.s.ApiListingReferenceScanner - Scanning for api listing references
2023-02-23 12::34::54 [main] INFO  c.c.a.c.JwtAuthenticationControllerEndPointsTest - Started JwtAuthenticationControllerEndPointsTest in 3.282 seconds (JVM running for 32.94)
2023-02-23 12::34::54 [main] INFO  c.c.a.c.JwtAuthenticationController - Inside authorize ==============
2023-02-23 12::34::54 [main] INFO  c.c.a.c.JwtAuthenticationController - Inside authenticate Method==================================
2023-02-23 12::34::54 [main] INFO  c.c.a.c.JwtAuthenticationController - Authentication Successful.....
2023-02-23 12::34::54 [main] INFO  c.c.a.c.JwtAuthenticationController - org.springframework.security.core.userdetails.User [Username=admin, Password=[PROTECTED], Enabled=true, AccountNonExpired=true, credentialsNonExpired=true, AccountNonLocked=true, Granted Authorities=[]]
2023-02-23 12::34::54 [main] INFO  c.c.a.c.JwtAuthenticationController - Inside authorize ==============Bearer token
2023-02-23 12::34::54 [main] INFO  c.c.a.c.JwtAuthenticationController - Inside authenticate Method==================================
2023-02-23 12::34::54 [main] INFO  c.c.a.c.JwtAuthenticationController - Authentication Successful.....
2023-02-23 12::34::54 [main] INFO  c.c.a.c.JwtAuthenticationController - org.springframework.security.core.userdetails.User [Username=admin, Password=[PROTECTED], Enabled=true, AccountNonExpired=true, credentialsNonExpired=true, AccountNonLocked=true, Granted Authorities=[]]
2023-02-23 12::34::54 [main] INFO  o.s.b.t.c.SpringBootTestContextBootstrapper - Neither @ContextConfiguration nor @ContextHierarchy found for test class [com.cts.authorization.controller.JwtAuthenticationControllerTest], using SpringBootContextLoader
2023-02-23 12::34::54 [main] INFO  o.s.t.c.s.AbstractContextLoader - Could not detect default resource locations for test class [com.cts.authorization.controller.JwtAuthenticationControllerTest]: no resource found for suffixes {-context.xml, Context.groovy}.
2023-02-23 12::34::54 [main] INFO  o.s.t.c.s.AnnotationConfigContextLoaderUtils - Could not detect default configuration classes for test class [com.cts.authorization.controller.JwtAuthenticationControllerTest]: JwtAuthenticationControllerTest does not declare any static, non-private, non-final, nested classes annotated with @Configuration.
2023-02-23 12::34::54 [main] INFO  o.s.b.t.c.SpringBootTestContextBootstrapper - Found @SpringBootConfiguration com.cts.authorization.AuthorizationmicroserviceApplication for test class com.cts.authorization.controller.JwtAuthenticationControllerTest
2023-02-23 12::34::54 [main] INFO  o.s.b.t.c.SpringBootTestContextBootstrapper - Loaded default TestExecutionListener class names from location [META-INF/spring.factories]: [org.springframework.boot.test.mock.mockito.MockitoTestExecutionListener, org.springframework.boot.test.mock.mockito.ResetMocksTestExecutionListener, org.springframework.boot.test.autoconfigure.restdocs.RestDocsTestExecutionListener, org.springframework.boot.test.autoconfigure.web.client.MockRestServiceServerResetTestExecutionListener, org.springframework.boot.test.autoconfigure.web.servlet.MockMvcPrintOnlyOnFailureTestExecutionListener, org.springframework.boot.test.autoconfigure.web.servlet.WebDriverTestExecutionListener, org.springframework.boot.test.autoconfigure.webservices.client.MockWebServiceServerTestExecutionListener, org.springframework.test.context.web.ServletTestExecutionListener, org.springframework.test.context.support.DirtiesContextBeforeModesTestExecutionListener, org.springframework.test.context.event.ApplicationEventsTestExecutionListener, org.springframework.test.context.support.DependencyInjectionTestExecutionListener, org.springframework.test.context.support.DirtiesContextTestExecutionListener, org.springframework.test.context.transaction.TransactionalTestExecutionListener, org.springframework.test.context.jdbc.SqlScriptsTestExecutionListener, org.springframework.test.context.event.EventPublishingTestExecutionListener, org.springframework.security.test.context.support.WithSecurityContextTestExecutionListener, org.springframework.security.test.context.support.ReactorContextTestExecutionListener]
2023-02-23 12::34::54 [main] INFO  o.s.b.t.c.SpringBootTestContextBootstrapper - Using TestExecutionListeners: [org.springframework.test.context.web.ServletTestExecutionListener@3238b87d, org.springframework.test.context.support.DirtiesContextBeforeModesTestExecutionListener@6475ea1d, org.springframework.test.context.event.ApplicationEventsTestExecutionListener@3de7a229, org.springframework.boot.test.mock.mockito.MockitoTestExecutionListener@3b0da746, org.springframework.boot.test.autoconfigure.SpringBootDependencyInjectionTestExecutionListener@4c010b0a, org.springframework.test.context.support.DirtiesContextTestExecutionListener@76f3595, org.springframework.test.context.transaction.TransactionalTestExecutionListener@79939bb, org.springframework.test.context.jdbc.SqlScriptsTestExecutionListener@51f88999, org.springframework.test.context.event.EventPublishingTestExecutionListener@156591f7, org.springframework.security.test.context.support.WithSecurityContextTestExecutionListener@6b58cd53, org.springframework.security.test.context.support.ReactorContextTestExecutionListener@25426562, org.springframework.boot.test.mock.mockito.ResetMocksTestExecutionListener@30e38412, org.springframework.boot.test.autoconfigure.restdocs.RestDocsTestExecutionListener@93051d0, org.springframework.boot.test.autoconfigure.web.client.MockRestServiceServerResetTestExecutionListener@242f27f0, org.springframework.boot.test.autoconfigure.web.servlet.MockMvcPrintOnlyOnFailureTestExecutionListener@12f02f62, org.springframework.boot.test.autoconfigure.web.servlet.WebDriverTestExecutionListener@3e9ffa3a, org.springframework.boot.test.autoconfigure.webservices.client.MockWebServiceServerTestExecutionListener@352a82e8]
2023-02-23 12::34::58 [main] INFO  c.c.a.c.JwtAuthenticationControllerTest - Starting JwtAuthenticationControllerTest using Java 17.0.3 on DESKTOP-TIAGQ42 with PID 11376 (started by Vignesh in C:\Users\Vignesh\git\doctor-patient-appointment-system_mdu22csdaj001_pod-1\authorizationmicroservice)
2023-02-23 12::34::58 [main] INFO  c.c.a.c.JwtAuthenticationControllerTest - No active profile set, falling back to default profiles: default
2023-02-23 12::34::58 [main] INFO  o.s.d.r.c.RepositoryConfigurationDelegate - Bootstrapping Spring Data JPA repositories in DEFAULT mode.
2023-02-23 12::34::58 [main] INFO  o.s.d.r.c.RepositoryConfigurationDelegate - Finished Spring Data repository scanning in 20 ms. Found 1 JPA repository interfaces.
2023-02-23 12::34::58 [main] INFO  o.s.cloud.context.scope.GenericScope - BeanFactory id=f4a1bab1-fd44-3a96-80ea-e0ccd2db67be
2023-02-23 12::34::58 [main] INFO  o.s.c.s.PostProcessorRegistrationDelegate$BeanPostProcessorChecker - Bean 'org.springframework.security.access.expression.method.DefaultMethodSecurityExpressionHandler@fb50dd8' of type [org.springframework.security.access.expression.method.DefaultMethodSecurityExpressionHandler] is not eligible for getting processed by all BeanPostProcessors (for example: not eligible for auto-proxying)
2023-02-23 12::34::58 [main] INFO  o.s.c.s.PostProcessorRegistrationDelegate$BeanPostProcessorChecker - Bean 'methodSecurityMetadataSource' of type [org.springframework.security.access.method.DelegatingMethodSecurityMetadataSource] is not eligible for getting processed by all BeanPostProcessors (for example: not eligible for auto-proxying)
2023-02-23 12::34::58 [main] INFO  com.zaxxer.hikari.HikariDataSource - HikariPool-4 - Starting...
2023-02-23 12::34::58 [main] INFO  com.zaxxer.hikari.HikariDataSource - HikariPool-4 - Start completed.
2023-02-23 12::34::58 [main] INFO  o.h.jpa.internal.util.LogHelper - HHH000204: Processing PersistenceUnitInfo [name: default]
2023-02-23 12::34::58 [main] INFO  org.hibernate.dialect.Dialect - HHH000400: Using dialect: org.hibernate.dialect.H2Dialect
2023-02-23 12::34::58 [main] INFO  o.h.e.t.j.p.i.JtaPlatformInitiator - HHH000490: Using JtaPlatform implementation: [org.hibernate.engine.transaction.jta.platform.internal.NoJtaPlatform]
2023-02-23 12::34::58 [main] INFO  o.s.o.j.LocalContainerEntityManagerFactoryBean - Initialized JPA EntityManagerFactory for persistence unit 'default'
2023-02-23 12::34::58 [main] INFO  o.s.b.a.h.H2ConsoleAutoConfiguration - H2 console available at '/db'. Database available at 'jdbc:h2:mem:testdb'
2023-02-23 12::34::58 [main] INFO  s.d.s.w.PropertySourcedRequestMappingHandlerMapping - Mapped URL path [/v2/api-docs] onto method [springfox.documentation.swagger2.web.Swagger2Controller#getDocumentation(String, HttpServletRequest)]
2023-02-23 12::34::58 [main] INFO  o.s.s.web.DefaultSecurityFilterChain - Will secure any request with [org.springframework.security.web.context.request.async.WebAsyncManagerIntegrationFilter@236d9c49, org.springframework.security.web.context.SecurityContextPersistenceFilter@10657d3d, org.springframework.security.web.header.HeaderWriterFilter@62ac2389, org.springframework.security.web.authentication.logout.LogoutFilter@1cc68302, com.cts.authorization.config.JwtRequestFilter@79058b73, org.springframework.security.web.savedrequest.RequestCacheAwareFilter@33c9d9ad, org.springframework.security.web.servletapi.SecurityContextHolderAwareRequestFilter@30fa0436, org.springframework.security.web.authentication.AnonymousAuthenticationFilter@30006bdc, org.springframework.security.web.session.SessionManagementFilter@4cdb78fd, org.springframework.security.web.access.ExceptionTranslationFilter@378281b5, org.springframework.security.web.access.intercept.FilterSecurityInterceptor@707d1aa0]
2023-02-23 12::34::58 [main] INFO  o.s.s.c.ThreadPoolTaskExecutor - Initializing ExecutorService 'applicationTaskExecutor'
2023-02-23 12::34::58 [main] INFO  s.d.s.w.p.DocumentationPluginsBootstrapper - Context refreshed
2023-02-23 12::34::58 [main] INFO  s.d.s.w.p.DocumentationPluginsBootstrapper - Found 1 custom documentation plugin(s)
2023-02-23 12::34::58 [main] INFO  s.d.s.w.s.ApiListingReferenceScanner - Scanning for api listing references
2023-02-23 12::34::58 [main] INFO  c.c.a.c.JwtAuthenticationControllerTest - Started JwtAuthenticationControllerTest in 2.82 seconds (JVM running for 36.889)
2023-02-23 12::34::58 [main] INFO  c.c.a.c.JwtAuthenticationController - Inside authorize ==============token
2023-02-23 12::34::58 [main] INFO  c.c.a.c.JwtAuthenticationController - Inside authorize ==============WrongToken
2023-02-23 12::34::58 [main] INFO  c.c.a.c.JwtAuthenticationController - Inside authenticate Method==================================
2023-02-23 12::34::58 [main] INFO  c.c.a.c.JwtAuthenticationController - Authentication Successful.....
2023-02-23 12::34::58 [main] INFO  c.c.a.c.JwtAuthenticationController - org.springframework.security.core.userdetails.User [Username=admin, Password=[PROTECTED], Enabled=true, AccountNonExpired=true, credentialsNonExpired=true, AccountNonLocked=true, Granted Authorities=[]]
2023-02-23 12::34::58 [main] INFO  c.c.a.c.JwtAuthenticationController - Inside authorize ==============Bearer token
2023-02-23 12::34::58 [SpringContextShutdownHook] INFO  o.s.s.c.ThreadPoolTaskExecutor - Shutting down ExecutorService 'applicationTaskExecutor'
2023-02-23 12::34::58 [SpringContextShutdownHook] INFO  o.s.s.c.ThreadPoolTaskExecutor - Shutting down ExecutorService 'applicationTaskExecutor'
2023-02-23 12::34::58 [SpringContextShutdownHook] INFO  o.s.s.c.ThreadPoolTaskExecutor - Shutting down ExecutorService 'applicationTaskExecutor'
2023-02-23 12::34::58 [SpringContextShutdownHook] INFO  o.s.o.j.LocalContainerEntityManagerFactoryBean - Closing JPA EntityManagerFactory for persistence unit 'default'
2023-02-23 12::34::58 [SpringContextShutdownHook] INFO  o.h.t.s.i.SchemaDropperImpl$DelayedDropActionImpl - HHH000477: Starting delayed evictData of schema as part of SessionFactory shut-down'
2023-02-23 12::34::58 [SpringContextShutdownHook] INFO  o.s.o.j.LocalContainerEntityManagerFactoryBean - Closing JPA EntityManagerFactory for persistence unit 'default'
2023-02-23 12::34::58 [SpringContextShutdownHook] INFO  o.h.t.s.i.SchemaDropperImpl$DelayedDropActionImpl - HHH000477: Starting delayed evictData of schema as part of SessionFactory shut-down'
2023-02-23 12::34::58 [SpringContextShutdownHook] INFO  o.s.o.j.LocalContainerEntityManagerFactoryBean - Closing JPA EntityManagerFactory for persistence unit 'default'
2023-02-23 12::34::58 [SpringContextShutdownHook] INFO  o.h.t.s.i.SchemaDropperImpl$DelayedDropActionImpl - HHH000477: Starting delayed evictData of schema as part of SessionFactory shut-down'
2023-02-23 12::34::58 [SpringContextShutdownHook] INFO  com.zaxxer.hikari.HikariDataSource - HikariPool-1 - Shutdown initiated...
2023-02-23 12::34::58 [SpringContextShutdownHook] INFO  com.zaxxer.hikari.HikariDataSource - HikariPool-4 - Shutdown initiated...
2023-02-23 12::34::58 [SpringContextShutdownHook] INFO  com.zaxxer.hikari.HikariDataSource - HikariPool-3 - Shutdown initiated...
2023-02-23 12::34::58 [SpringContextShutdownHook] INFO  com.zaxxer.hikari.HikariDataSource - HikariPool-4 - Shutdown completed.
2023-02-23 12::34::58 [SpringContextShutdownHook] INFO  com.zaxxer.hikari.HikariDataSource - HikariPool-3 - Shutdown completed.
2023-02-23 12::34::58 [SpringContextShutdownHook] INFO  com.zaxxer.hikari.HikariDataSource - HikariPool-1 - Shutdown completed.
2023-02-23 12::34::58 [SpringContextShutdownHook] INFO  o.s.s.c.ThreadPoolTaskExecutor - Shutting down ExecutorService 'applicationTaskExecutor'
2023-02-23 12::34::58 [SpringContextShutdownHook] INFO  o.s.o.j.LocalContainerEntityManagerFactoryBean - Closing JPA EntityManagerFactory for persistence unit 'default'
2023-02-23 12::34::58 [SpringContextShutdownHook] INFO  o.h.t.s.i.SchemaDropperImpl$DelayedDropActionImpl - HHH000477: Starting delayed evictData of schema as part of SessionFactory shut-down'
2023-02-23 12::34::58 [SpringContextShutdownHook] INFO  com.zaxxer.hikari.HikariDataSource - HikariPool-2 - Shutdown initiated...
2023-02-23 12::34::58 [SpringContextShutdownHook] INFO  com.zaxxer.hikari.HikariDataSource - HikariPool-2 - Shutdown completed.
2023-02-23 19::52::20 [main] INFO  o.s.b.t.c.SpringBootTestContextBootstrapper - Neither @ContextConfiguration nor @ContextHierarchy found for test class [com.cts.authorization.service.JwtUserDetailsServiceTest], using SpringBootContextLoader
2023-02-23 19::52::20 [main] INFO  o.s.t.c.s.AbstractContextLoader - Could not detect default resource locations for test class [com.cts.authorization.service.JwtUserDetailsServiceTest]: no resource found for suffixes {-context.xml, Context.groovy}.
2023-02-23 19::52::20 [main] INFO  o.s.t.c.s.AnnotationConfigContextLoaderUtils - Could not detect default configuration classes for test class [com.cts.authorization.service.JwtUserDetailsServiceTest]: JwtUserDetailsServiceTest does not declare any static, non-private, non-final, nested classes annotated with @Configuration.
2023-02-23 19::52::20 [main] INFO  o.s.b.t.c.SpringBootTestContextBootstrapper - Found @SpringBootConfiguration com.cts.authorization.AuthorizationmicroserviceApplication for test class com.cts.authorization.service.JwtUserDetailsServiceTest
2023-02-23 19::52::20 [main] INFO  o.s.b.t.c.SpringBootTestContextBootstrapper - Loaded default TestExecutionListener class names from location [META-INF/spring.factories]: [org.springframework.boot.test.mock.mockito.MockitoTestExecutionListener, org.springframework.boot.test.mock.mockito.ResetMocksTestExecutionListener, org.springframework.boot.test.autoconfigure.restdocs.RestDocsTestExecutionListener, org.springframework.boot.test.autoconfigure.web.client.MockRestServiceServerResetTestExecutionListener, org.springframework.boot.test.autoconfigure.web.servlet.MockMvcPrintOnlyOnFailureTestExecutionListener, org.springframework.boot.test.autoconfigure.web.servlet.WebDriverTestExecutionListener, org.springframework.boot.test.autoconfigure.webservices.client.MockWebServiceServerTestExecutionListener, org.springframework.test.context.web.ServletTestExecutionListener, org.springframework.test.context.support.DirtiesContextBeforeModesTestExecutionListener, org.springframework.test.context.event.ApplicationEventsTestExecutionListener, org.springframework.test.context.support.DependencyInjectionTestExecutionListener, org.springframework.test.context.support.DirtiesContextTestExecutionListener, org.springframework.test.context.transaction.TransactionalTestExecutionListener, org.springframework.test.context.jdbc.SqlScriptsTestExecutionListener, org.springframework.test.context.event.EventPublishingTestExecutionListener, org.springframework.security.test.context.support.WithSecurityContextTestExecutionListener, org.springframework.security.test.context.support.ReactorContextTestExecutionListener]
2023-02-23 19::52::20 [main] INFO  o.s.b.t.c.SpringBootTestContextBootstrapper - Using TestExecutionListeners: [org.springframework.test.context.web.ServletTestExecutionListener@e3cee7b, org.springframework.test.context.support.DirtiesContextBeforeModesTestExecutionListener@71e9a896, org.springframework.test.context.event.ApplicationEventsTestExecutionListener@6b9267b, org.springframework.boot.test.mock.mockito.MockitoTestExecutionListener@408b35bf, org.springframework.boot.test.autoconfigure.SpringBootDependencyInjectionTestExecutionListener@29ad44e3, org.springframework.test.context.support.DirtiesContextTestExecutionListener@15bcf458, org.springframework.test.context.transaction.TransactionalTestExecutionListener@5af9926a, org.springframework.test.context.jdbc.SqlScriptsTestExecutionListener@43c67247, org.springframework.test.context.event.EventPublishingTestExecutionListener@fac80, org.springframework.security.test.context.support.WithSecurityContextTestExecutionListener@726386ed, org.springframework.security.test.context.support.ReactorContextTestExecutionListener@649f2009, org.springframework.boot.test.mock.mockito.ResetMocksTestExecutionListener@14bb2297, org.springframework.boot.test.autoconfigure.restdocs.RestDocsTestExecutionListener@69adf72c, org.springframework.boot.test.autoconfigure.web.client.MockRestServiceServerResetTestExecutionListener@797501a, org.springframework.boot.test.autoconfigure.web.servlet.MockMvcPrintOnlyOnFailureTestExecutionListener@1a15b789, org.springframework.boot.test.autoconfigure.web.servlet.WebDriverTestExecutionListener@57f791c6, org.springframework.boot.test.autoconfigure.webservices.client.MockWebServiceServerTestExecutionListener@51650883]
2023-02-23 19::52::23 [main] INFO  c.c.a.s.JwtUserDetailsServiceTest - Starting JwtUserDetailsServiceTest using Java 17.0.3 on DESKTOP-TIAGQ42 with PID 7084 (started by Vignesh in C:\Users\Vignesh\git\doctor-patient-appointment-system_mdu22csdaj001_pod-1\authorizationmicroservice)
2023-02-23 19::52::23 [main] INFO  c.c.a.s.JwtUserDetailsServiceTest - No active profile set, falling back to default profiles: default
2023-02-23 19::52::23 [main] INFO  o.s.d.r.c.RepositoryConfigurationDelegate - Bootstrapping Spring Data JPA repositories in DEFAULT mode.
2023-02-23 19::52::23 [main] INFO  o.s.d.r.c.RepositoryConfigurationDelegate - Finished Spring Data repository scanning in 256 ms. Found 1 JPA repository interfaces.
2023-02-23 19::52::23 [main] INFO  o.s.cloud.context.scope.GenericScope - BeanFactory id=f4a1bab1-fd44-3a96-80ea-e0ccd2db67be
2023-02-23 19::52::23 [main] INFO  o.s.c.s.PostProcessorRegistrationDelegate$BeanPostProcessorChecker - Bean 'org.springframework.security.access.expression.method.DefaultMethodSecurityExpressionHandler@bd93bc3' of type [org.springframework.security.access.expression.method.DefaultMethodSecurityExpressionHandler] is not eligible for getting processed by all BeanPostProcessors (for example: not eligible for auto-proxying)
2023-02-23 19::52::23 [main] INFO  o.s.c.s.PostProcessorRegistrationDelegate$BeanPostProcessorChecker - Bean 'methodSecurityMetadataSource' of type [org.springframework.security.access.method.DelegatingMethodSecurityMetadataSource] is not eligible for getting processed by all BeanPostProcessors (for example: not eligible for auto-proxying)
2023-02-23 19::52::23 [main] INFO  com.zaxxer.hikari.HikariDataSource - HikariPool-1 - Starting...
2023-02-23 19::52::23 [main] INFO  com.zaxxer.hikari.HikariDataSource - HikariPool-1 - Start completed.
2023-02-23 19::52::23 [main] INFO  o.h.jpa.internal.util.LogHelper - HHH000204: Processing PersistenceUnitInfo [name: default]
2023-02-23 19::52::23 [main] INFO  org.hibernate.Version - HHH000412: Hibernate ORM core version 5.4.27.Final
2023-02-23 19::52::23 [main] INFO  o.h.annotations.common.Version - HCANN000001: Hibernate Commons Annotations {5.1.2.Final}
2023-02-23 19::52::23 [main] INFO  org.hibernate.dialect.Dialect - HHH000400: Using dialect: org.hibernate.dialect.H2Dialect
2023-02-23 19::52::23 [main] INFO  o.h.e.t.j.p.i.JtaPlatformInitiator - HHH000490: Using JtaPlatform implementation: [org.hibernate.engine.transaction.jta.platform.internal.NoJtaPlatform]
2023-02-23 19::52::23 [main] INFO  o.s.o.j.LocalContainerEntityManagerFactoryBean - Initialized JPA EntityManagerFactory for persistence unit 'default'
2023-02-23 19::52::23 [main] INFO  o.s.b.a.h.H2ConsoleAutoConfiguration - H2 console available at '/db'. Database available at 'jdbc:h2:mem:testdb'
2023-02-23 19::52::23 [main] INFO  s.d.s.w.PropertySourcedRequestMappingHandlerMapping - Mapped URL path [/v2/api-docs] onto method [springfox.documentation.swagger2.web.Swagger2Controller#getDocumentation(String, HttpServletRequest)]
2023-02-23 19::52::23 [main] INFO  o.s.s.web.DefaultSecurityFilterChain - Will secure any request with [org.springframework.security.web.context.request.async.WebAsyncManagerIntegrationFilter@1b949de4, org.springframework.security.web.context.SecurityContextPersistenceFilter@3f0751b0, org.springframework.security.web.header.HeaderWriterFilter@1ac30be4, org.springframework.security.web.authentication.logout.LogoutFilter@66ad7167, com.cts.authorization.config.JwtRequestFilter@73c1dda3, org.springframework.security.web.savedrequest.RequestCacheAwareFilter@7f82a71f, org.springframework.security.web.servletapi.SecurityContextHolderAwareRequestFilter@6eaf6ced, org.springframework.security.web.authentication.AnonymousAuthenticationFilter@2981064d, org.springframework.security.web.session.SessionManagementFilter@1f67d37f, org.springframework.security.web.access.ExceptionTranslationFilter@57def953, org.springframework.security.web.access.intercept.FilterSecurityInterceptor@ab595e8]
2023-02-23 19::52::23 [main] INFO  o.s.s.c.ThreadPoolTaskExecutor - Initializing ExecutorService 'applicationTaskExecutor'
2023-02-23 19::52::23 [main] INFO  s.d.s.w.p.DocumentationPluginsBootstrapper - Context refreshed
2023-02-23 19::52::23 [main] INFO  s.d.s.w.p.DocumentationPluginsBootstrapper - Found 1 custom documentation plugin(s)
2023-02-23 19::52::23 [main] INFO  s.d.s.w.s.ApiListingReferenceScanner - Scanning for api listing references
2023-02-23 19::52::23 [main] INFO  c.c.a.s.JwtUserDetailsServiceTest - Started JwtUserDetailsServiceTest in 22.699 seconds (JVM running for 32.35)
2023-02-23 19::52::23 [main] INFO  c.c.a.service.JwtUserDetailsService - User found
2023-02-23 19::52::23 [main] INFO  c.c.a.service.JwtUserDetailsService - user successfully located
2023-02-23 19::52::23 [main] INFO  o.s.b.t.c.SpringBootTestContextBootstrapper - Neither @ContextConfiguration nor @ContextHierarchy found for test class [com.cts.authorization.AuthorizationmicroserviceApplicationTests], using SpringBootContextLoader
2023-02-23 19::52::23 [main] INFO  o.s.t.c.s.AbstractContextLoader - Could not detect default resource locations for test class [com.cts.authorization.AuthorizationmicroserviceApplicationTests]: no resource found for suffixes {-context.xml, Context.groovy}.
2023-02-23 19::52::23 [main] INFO  o.s.t.c.s.AnnotationConfigContextLoaderUtils - Could not detect default configuration classes for test class [com.cts.authorization.AuthorizationmicroserviceApplicationTests]: AuthorizationmicroserviceApplicationTests does not declare any static, non-private, non-final, nested classes annotated with @Configuration.
2023-02-23 19::52::23 [main] INFO  o.s.b.t.c.SpringBootTestContextBootstrapper - Found @SpringBootConfiguration com.cts.authorization.AuthorizationmicroserviceApplication for test class com.cts.authorization.AuthorizationmicroserviceApplicationTests
2023-02-23 19::52::23 [main] INFO  o.s.b.t.c.SpringBootTestContextBootstrapper - Loaded default TestExecutionListener class names from location [META-INF/spring.factories]: [org.springframework.boot.test.mock.mockito.MockitoTestExecutionListener, org.springframework.boot.test.mock.mockito.ResetMocksTestExecutionListener, org.springframework.boot.test.autoconfigure.restdocs.RestDocsTestExecutionListener, org.springframework.boot.test.autoconfigure.web.client.MockRestServiceServerResetTestExecutionListener, org.springframework.boot.test.autoconfigure.web.servlet.MockMvcPrintOnlyOnFailureTestExecutionListener, org.springframework.boot.test.autoconfigure.web.servlet.WebDriverTestExecutionListener, org.springframework.boot.test.autoconfigure.webservices.client.MockWebServiceServerTestExecutionListener, org.springframework.test.context.web.ServletTestExecutionListener, org.springframework.test.context.support.DirtiesContextBeforeModesTestExecutionListener, org.springframework.test.context.event.ApplicationEventsTestExecutionListener, org.springframework.test.context.support.DependencyInjectionTestExecutionListener, org.springframework.test.context.support.DirtiesContextTestExecutionListener, org.springframework.test.context.transaction.TransactionalTestExecutionListener, org.springframework.test.context.jdbc.SqlScriptsTestExecutionListener, org.springframework.test.context.event.EventPublishingTestExecutionListener, org.springframework.security.test.context.support.WithSecurityContextTestExecutionListener, org.springframework.security.test.context.support.ReactorContextTestExecutionListener]
2023-02-23 19::52::23 [main] INFO  o.s.b.t.c.SpringBootTestContextBootstrapper - Using TestExecutionListeners: [org.springframework.test.context.web.ServletTestExecutionListener@1a9ba6c2, org.springframework.test.context.support.DirtiesContextBeforeModesTestExecutionListener@2e940dd0, org.springframework.test.context.event.ApplicationEventsTestExecutionListener@24a4e9c0, org.springframework.boot.test.mock.mockito.MockitoTestExecutionListener@609a996f, org.springframework.boot.test.autoconfigure.SpringBootDependencyInjectionTestExecutionListener@27f09e08, org.springframework.test.context.support.DirtiesContextTestExecutionListener@2984edab, org.springframework.test.context.transaction.TransactionalTestExecutionListener@2a6dfbb2, org.springframework.test.context.jdbc.SqlScriptsTestExecutionListener@1e085e71, org.springframework.test.context.event.EventPublishingTestExecutionListener@3dab9366, org.springframework.security.test.context.support.WithSecurityContextTestExecutionListener@33ccc8cd, org.springframework.security.test.context.support.ReactorContextTestExecutionListener@76b9056d, org.springframework.boot.test.mock.mockito.ResetMocksTestExecutionListener@2a9e261d, org.springframework.boot.test.autoconfigure.restdocs.RestDocsTestExecutionListener@4bcfa08b, org.springframework.boot.test.autoconfigure.web.client.MockRestServiceServerResetTestExecutionListener@1e90939f, org.springframework.boot.test.autoconfigure.web.servlet.MockMvcPrintOnlyOnFailureTestExecutionListener@20bc6f4d, org.springframework.boot.test.autoconfigure.web.servlet.WebDriverTestExecutionListener@7b491b89, org.springframework.boot.test.autoconfigure.webservices.client.MockWebServiceServerTestExecutionListener@4d343793]
2023-02-23 19::52::47 [main] INFO  c.c.a.AuthorizationmicroserviceApplication - Starting AuthorizationmicroserviceApplication using Java 17.0.3 on DESKTOP-TIAGQ42 with PID 7084 (started by Vignesh in C:\Users\Vignesh\git\doctor-patient-appointment-system_mdu22csdaj001_pod-1\authorizationmicroservice)
2023-02-23 19::52::47 [main] INFO  c.c.a.AuthorizationmicroserviceApplication - No active profile set, falling back to default profiles: default
2023-02-23 19::52::47 [main] INFO  o.s.d.r.c.RepositoryConfigurationDelegate - Bootstrapping Spring Data JPA repositories in DEFAULT mode.
2023-02-23 19::52::47 [main] INFO  o.s.d.r.c.RepositoryConfigurationDelegate - Finished Spring Data repository scanning in 41 ms. Found 1 JPA repository interfaces.
2023-02-23 19::52::47 [main] INFO  o.s.cloud.context.scope.GenericScope - BeanFactory id=8e013705-edb5-353b-ab9a-995ad89b23fc
2023-02-23 19::52::47 [main] INFO  o.s.c.s.PostProcessorRegistrationDelegate$BeanPostProcessorChecker - Bean 'org.springframework.security.access.expression.method.DefaultMethodSecurityExpressionHandler@2c9573f1' of type [org.springframework.security.access.expression.method.DefaultMethodSecurityExpressionHandler] is not eligible for getting processed by all BeanPostProcessors (for example: not eligible for auto-proxying)
2023-02-23 19::52::47 [main] INFO  o.s.c.s.PostProcessorRegistrationDelegate$BeanPostProcessorChecker - Bean 'methodSecurityMetadataSource' of type [org.springframework.security.access.method.DelegatingMethodSecurityMetadataSource] is not eligible for getting processed by all BeanPostProcessors (for example: not eligible for auto-proxying)
2023-02-23 19::52::47 [main] INFO  o.s.b.w.e.tomcat.TomcatWebServer - Tomcat initialized with port(s): 8400 (http)
2023-02-23 19::52::47 [main] INFO  o.a.coyote.http11.Http11NioProtocol - Initializing ProtocolHandler ["http-nio-8400"]
2023-02-23 19::52::47 [main] INFO  o.a.catalina.core.StandardService - Starting service [Tomcat]
2023-02-23 19::52::47 [main] INFO  o.a.catalina.core.StandardEngine - Starting Servlet engine: [Apache Tomcat/9.0.41]
2023-02-23 19::52::47 [main] INFO  o.a.c.c.C.[.[localhost].[/auth] - Initializing Spring embedded WebApplicationContext
2023-02-23 19::52::47 [main] INFO  o.s.b.w.s.c.ServletWebServerApplicationContext - Root WebApplicationContext: initialization completed in 2462 ms
2023-02-23 19::52::47 [main] INFO  com.zaxxer.hikari.HikariDataSource - HikariPool-2 - Starting...
2023-02-23 19::52::47 [main] INFO  com.zaxxer.hikari.HikariDataSource - HikariPool-2 - Start completed.
2023-02-23 19::52::47 [main] INFO  o.s.b.a.h.H2ConsoleAutoConfiguration - H2 console available at '/db'. Database available at 'jdbc:h2:mem:testdb'
2023-02-23 19::52::47 [main] INFO  o.h.jpa.internal.util.LogHelper - HHH000204: Processing PersistenceUnitInfo [name: default]
2023-02-23 19::52::47 [main] INFO  org.hibernate.dialect.Dialect - HHH000400: Using dialect: org.hibernate.dialect.H2Dialect
2023-02-23 19::52::47 [main] INFO  o.h.e.t.j.p.i.JtaPlatformInitiator - HHH000490: Using JtaPlatform implementation: [org.hibernate.engine.transaction.jta.platform.internal.NoJtaPlatform]
2023-02-23 19::52::47 [main] INFO  o.s.o.j.LocalContainerEntityManagerFactoryBean - Initialized JPA EntityManagerFactory for persistence unit 'default'
2023-02-23 19::52::47 [main] INFO  s.d.s.w.PropertySourcedRequestMappingHandlerMapping - Mapped URL path [/v2/api-docs] onto method [springfox.documentation.swagger2.web.Swagger2Controller#getDocumentation(String, HttpServletRequest)]
2023-02-23 19::52::47 [main] INFO  o.s.s.web.DefaultSecurityFilterChain - Will secure any request with [org.springframework.security.web.context.request.async.WebAsyncManagerIntegrationFilter@5f19da2c, org.springframework.security.web.context.SecurityContextPersistenceFilter@72238cf0, org.springframework.security.web.header.HeaderWriterFilter@22351330, org.springframework.security.web.authentication.logout.LogoutFilter@7d8fcde8, com.cts.authorization.config.JwtRequestFilter@6a844, org.springframework.security.web.savedrequest.RequestCacheAwareFilter@7e32261f, org.springframework.security.web.servletapi.SecurityContextHolderAwareRequestFilter@7414167a, org.springframework.security.web.authentication.AnonymousAuthenticationFilter@7f62fa28, org.springframework.security.web.session.SessionManagementFilter@2158d1d1, org.springframework.security.web.access.ExceptionTranslationFilter@5513982, org.springframework.security.web.access.intercept.FilterSecurityInterceptor@129204bf]
2023-02-23 19::52::47 [main] INFO  o.s.s.c.ThreadPoolTaskExecutor - Initializing ExecutorService 'applicationTaskExecutor'
2023-02-23 19::52::47 [main] INFO  o.a.coyote.http11.Http11NioProtocol - Starting ProtocolHandler ["http-nio-8400"]
2023-02-23 19::52::47 [main] INFO  o.s.b.w.e.tomcat.TomcatWebServer - Tomcat started on port(s): 8400 (http) with context path '/auth'
2023-02-23 19::52::47 [main] INFO  s.d.s.w.p.DocumentationPluginsBootstrapper - Context refreshed
2023-02-23 19::52::47 [main] INFO  s.d.s.w.p.DocumentationPluginsBootstrapper - Found 1 custom documentation plugin(s)
2023-02-23 19::52::47 [main] INFO  s.d.s.w.s.ApiListingReferenceScanner - Scanning for api listing references
2023-02-23 19::52::47 [main] INFO  c.c.a.AuthorizationmicroserviceApplication - Started AuthorizationmicroserviceApplication in 5.075 seconds (JVM running for 38.653)
2023-02-23 19::52::47 [main] INFO  o.s.b.t.c.SpringBootTestContextBootstrapper - Neither @ContextConfiguration nor @ContextHierarchy found for test class [com.cts.authorization.controller.JwtAuthenticationControllerEndPointsTest], using SpringBootContextLoader
2023-02-23 19::52::47 [main] INFO  o.s.t.c.s.AbstractContextLoader - Could not detect default resource locations for test class [com.cts.authorization.controller.JwtAuthenticationControllerEndPointsTest]: no resource found for suffixes {-context.xml, Context.groovy}.
2023-02-23 19::52::47 [main] INFO  o.s.t.c.s.AnnotationConfigContextLoaderUtils - Could not detect default configuration classes for test class [com.cts.authorization.controller.JwtAuthenticationControllerEndPointsTest]: JwtAuthenticationControllerEndPointsTest does not declare any static, non-private, non-final, nested classes annotated with @Configuration.
2023-02-23 19::52::47 [main] INFO  o.s.b.t.c.SpringBootTestContextBootstrapper - Found @SpringBootConfiguration com.cts.authorization.AuthorizationmicroserviceApplication for test class com.cts.authorization.controller.JwtAuthenticationControllerEndPointsTest
2023-02-23 19::52::47 [main] INFO  o.s.b.t.c.SpringBootTestContextBootstrapper - Loaded default TestExecutionListener class names from location [META-INF/spring.factories]: [org.springframework.boot.test.mock.mockito.MockitoTestExecutionListener, org.springframework.boot.test.mock.mockito.ResetMocksTestExecutionListener, org.springframework.boot.test.autoconfigure.restdocs.RestDocsTestExecutionListener, org.springframework.boot.test.autoconfigure.web.client.MockRestServiceServerResetTestExecutionListener, org.springframework.boot.test.autoconfigure.web.servlet.MockMvcPrintOnlyOnFailureTestExecutionListener, org.springframework.boot.test.autoconfigure.web.servlet.WebDriverTestExecutionListener, org.springframework.boot.test.autoconfigure.webservices.client.MockWebServiceServerTestExecutionListener, org.springframework.test.context.web.ServletTestExecutionListener, org.springframework.test.context.support.DirtiesContextBeforeModesTestExecutionListener, org.springframework.test.context.event.ApplicationEventsTestExecutionListener, org.springframework.test.context.support.DependencyInjectionTestExecutionListener, org.springframework.test.context.support.DirtiesContextTestExecutionListener, org.springframework.test.context.transaction.TransactionalTestExecutionListener, org.springframework.test.context.jdbc.SqlScriptsTestExecutionListener, org.springframework.test.context.event.EventPublishingTestExecutionListener, org.springframework.security.test.context.support.WithSecurityContextTestExecutionListener, org.springframework.security.test.context.support.ReactorContextTestExecutionListener]
2023-02-23 19::52::47 [main] INFO  o.s.b.t.c.SpringBootTestContextBootstrapper - Using TestExecutionListeners: [org.springframework.test.context.web.ServletTestExecutionListener@56d3e4a9, org.springframework.test.context.support.DirtiesContextBeforeModesTestExecutionListener@56bc8c45, org.springframework.test.context.event.ApplicationEventsTestExecutionListener@2542d320, org.springframework.boot.test.mock.mockito.MockitoTestExecutionListener@2f29400e, org.springframework.boot.test.autoconfigure.SpringBootDependencyInjectionTestExecutionListener@66161fee, org.springframework.test.context.support.DirtiesContextTestExecutionListener@547a79cd, org.springframework.test.context.transaction.TransactionalTestExecutionListener@67127bb1, org.springframework.test.context.jdbc.SqlScriptsTestExecutionListener@25e7e6d, org.springframework.test.context.event.EventPublishingTestExecutionListener@54e1e8a7, org.springframework.security.test.context.support.WithSecurityContextTestExecutionListener@53d257e7, org.springframework.security.test.context.support.ReactorContextTestExecutionListener@276961df, org.springframework.boot.test.mock.mockito.ResetMocksTestExecutionListener@56b5de49, org.springframework.boot.test.autoconfigure.restdocs.RestDocsTestExecutionListener@dcaa0e8, org.springframework.boot.test.autoconfigure.web.client.MockRestServiceServerResetTestExecutionListener@4c66b3d9, org.springframework.boot.test.autoconfigure.web.servlet.MockMvcPrintOnlyOnFailureTestExecutionListener@206d4413, org.springframework.boot.test.autoconfigure.web.servlet.WebDriverTestExecutionListener@58d291c1, org.springframework.boot.test.autoconfigure.webservices.client.MockWebServiceServerTestExecutionListener@c7a7d3]
2023-02-23 19::52::52 [main] INFO  c.c.a.c.JwtAuthenticationControllerEndPointsTest - Starting JwtAuthenticationControllerEndPointsTest using Java 17.0.3 on DESKTOP-TIAGQ42 with PID 7084 (started by Vignesh in C:\Users\Vignesh\git\doctor-patient-appointment-system_mdu22csdaj001_pod-1\authorizationmicroservice)
2023-02-23 19::52::52 [main] INFO  c.c.a.c.JwtAuthenticationControllerEndPointsTest - No active profile set, falling back to default profiles: default
2023-02-23 19::52::52 [main] INFO  o.s.d.r.c.RepositoryConfigurationDelegate - Bootstrapping Spring Data JPA repositories in DEFAULT mode.
2023-02-23 19::52::52 [main] INFO  o.s.d.r.c.RepositoryConfigurationDelegate - Finished Spring Data repository scanning in 30 ms. Found 1 JPA repository interfaces.
2023-02-23 19::52::52 [main] INFO  o.s.cloud.context.scope.GenericScope - BeanFactory id=3dfff7c6-d422-3a4c-854d-39adf63d696e
2023-02-23 19::52::52 [main] INFO  o.s.c.s.PostProcessorRegistrationDelegate$BeanPostProcessorChecker - Bean 'org.springframework.security.access.expression.method.DefaultMethodSecurityExpressionHandler@7d6e3e42' of type [org.springframework.security.access.expression.method.DefaultMethodSecurityExpressionHandler] is not eligible for getting processed by all BeanPostProcessors (for example: not eligible for auto-proxying)
2023-02-23 19::52::52 [main] INFO  o.s.c.s.PostProcessorRegistrationDelegate$BeanPostProcessorChecker - Bean 'methodSecurityMetadataSource' of type [org.springframework.security.access.method.DelegatingMethodSecurityMetadataSource] is not eligible for getting processed by all BeanPostProcessors (for example: not eligible for auto-proxying)
2023-02-23 19::52::52 [main] INFO  com.zaxxer.hikari.HikariDataSource - HikariPool-3 - Starting...
2023-02-23 19::52::52 [main] INFO  com.zaxxer.hikari.HikariDataSource - HikariPool-3 - Start completed.
2023-02-23 19::52::52 [main] INFO  o.h.jpa.internal.util.LogHelper - HHH000204: Processing PersistenceUnitInfo [name: default]
2023-02-23 19::52::52 [main] INFO  org.hibernate.dialect.Dialect - HHH000400: Using dialect: org.hibernate.dialect.H2Dialect
2023-02-23 19::52::52 [main] INFO  o.h.e.t.j.p.i.JtaPlatformInitiator - HHH000490: Using JtaPlatform implementation: [org.hibernate.engine.transaction.jta.platform.internal.NoJtaPlatform]
2023-02-23 19::52::52 [main] INFO  o.s.o.j.LocalContainerEntityManagerFactoryBean - Initialized JPA EntityManagerFactory for persistence unit 'default'
2023-02-23 19::52::52 [main] INFO  o.s.b.a.h.H2ConsoleAutoConfiguration - H2 console available at '/db'. Database available at 'jdbc:h2:mem:testdb'
2023-02-23 19::52::52 [main] INFO  s.d.s.w.PropertySourcedRequestMappingHandlerMapping - Mapped URL path [/v2/api-docs] onto method [springfox.documentation.swagger2.web.Swagger2Controller#getDocumentation(String, HttpServletRequest)]
2023-02-23 19::52::52 [main] INFO  o.s.s.web.DefaultSecurityFilterChain - Will secure any request with [org.springframework.security.web.context.request.async.WebAsyncManagerIntegrationFilter@2a1066ed, org.springframework.security.web.context.SecurityContextPersistenceFilter@49854d93, org.springframework.security.web.header.HeaderWriterFilter@63e31b89, org.springframework.security.web.authentication.logout.LogoutFilter@530daa7e, com.cts.authorization.config.JwtRequestFilter@b692323, org.springframework.security.web.savedrequest.RequestCacheAwareFilter@29d7d117, org.springframework.security.web.servletapi.SecurityContextHolderAwareRequestFilter@5213a8f7, org.springframework.security.web.authentication.AnonymousAuthenticationFilter@6aef33f6, org.springframework.security.web.session.SessionManagementFilter@42141c59, org.springframework.security.web.access.ExceptionTranslationFilter@354aaf03, org.springframework.security.web.access.intercept.FilterSecurityInterceptor@50d640dd]
2023-02-23 19::52::52 [main] INFO  o.s.s.c.ThreadPoolTaskExecutor - Initializing ExecutorService 'applicationTaskExecutor'
2023-02-23 19::52::52 [main] INFO  o.s.b.t.m.w.SpringBootMockServletContext - Initializing Spring TestDispatcherServlet ''
2023-02-23 19::52::52 [main] INFO  o.s.t.w.s.TestDispatcherServlet - Initializing Servlet ''
2023-02-23 19::52::52 [main] INFO  o.s.t.w.s.TestDispatcherServlet - Completed initialization in 3 ms
2023-02-23 19::52::52 [main] INFO  s.d.s.w.p.DocumentationPluginsBootstrapper - Context refreshed
2023-02-23 19::52::52 [main] INFO  s.d.s.w.p.DocumentationPluginsBootstrapper - Found 1 custom documentation plugin(s)
2023-02-23 19::52::52 [main] INFO  s.d.s.w.s.ApiListingReferenceScanner - Scanning for api listing references
2023-02-23 19::52::52 [main] INFO  c.c.a.c.JwtAuthenticationControllerEndPointsTest - Started JwtAuthenticationControllerEndPointsTest in 4.994 seconds (JVM running for 43.81)
2023-02-23 19::52::52 [main] INFO  c.c.a.c.JwtAuthenticationController - Inside authorize ==============
2023-02-23 19::52::52 [main] INFO  c.c.a.c.JwtAuthenticationController - Inside authenticate Method==================================
2023-02-23 19::52::52 [main] INFO  c.c.a.c.JwtAuthenticationController - Authentication Successful.....
2023-02-23 19::52::52 [main] INFO  c.c.a.c.JwtAuthenticationController - org.springframework.security.core.userdetails.User [Username=admin, Password=[PROTECTED], Enabled=true, AccountNonExpired=true, credentialsNonExpired=true, AccountNonLocked=true, Granted Authorities=[]]
2023-02-23 19::52::52 [main] INFO  c.c.a.c.JwtAuthenticationController - Inside authorize ==============Bearer token
2023-02-23 19::52::52 [main] INFO  c.c.a.c.JwtAuthenticationController - Inside authenticate Method==================================
2023-02-23 19::52::52 [main] INFO  c.c.a.c.JwtAuthenticationController - Authentication Successful.....
2023-02-23 19::52::52 [main] INFO  c.c.a.c.JwtAuthenticationController - org.springframework.security.core.userdetails.User [Username=admin, Password=[PROTECTED], Enabled=true, AccountNonExpired=true, credentialsNonExpired=true, AccountNonLocked=true, Granted Authorities=[]]
2023-02-23 19::52::52 [main] INFO  o.s.b.t.c.SpringBootTestContextBootstrapper - Neither @ContextConfiguration nor @ContextHierarchy found for test class [com.cts.authorization.controller.JwtAuthenticationControllerTest], using SpringBootContextLoader
2023-02-23 19::52::52 [main] INFO  o.s.t.c.s.AbstractContextLoader - Could not detect default resource locations for test class [com.cts.authorization.controller.JwtAuthenticationControllerTest]: no resource found for suffixes {-context.xml, Context.groovy}.
2023-02-23 19::52::52 [main] INFO  o.s.t.c.s.AnnotationConfigContextLoaderUtils - Could not detect default configuration classes for test class [com.cts.authorization.controller.JwtAuthenticationControllerTest]: JwtAuthenticationControllerTest does not declare any static, non-private, non-final, nested classes annotated with @Configuration.
2023-02-23 19::52::52 [main] INFO  o.s.b.t.c.SpringBootTestContextBootstrapper - Found @SpringBootConfiguration com.cts.authorization.AuthorizationmicroserviceApplication for test class com.cts.authorization.controller.JwtAuthenticationControllerTest
2023-02-23 19::52::52 [main] INFO  o.s.b.t.c.SpringBootTestContextBootstrapper - Loaded default TestExecutionListener class names from location [META-INF/spring.factories]: [org.springframework.boot.test.mock.mockito.MockitoTestExecutionListener, org.springframework.boot.test.mock.mockito.ResetMocksTestExecutionListener, org.springframework.boot.test.autoconfigure.restdocs.RestDocsTestExecutionListener, org.springframework.boot.test.autoconfigure.web.client.MockRestServiceServerResetTestExecutionListener, org.springframework.boot.test.autoconfigure.web.servlet.MockMvcPrintOnlyOnFailureTestExecutionListener, org.springframework.boot.test.autoconfigure.web.servlet.WebDriverTestExecutionListener, org.springframework.boot.test.autoconfigure.webservices.client.MockWebServiceServerTestExecutionListener, org.springframework.test.context.web.ServletTestExecutionListener, org.springframework.test.context.support.DirtiesContextBeforeModesTestExecutionListener, org.springframework.test.context.event.ApplicationEventsTestExecutionListener, org.springframework.test.context.support.DependencyInjectionTestExecutionListener, org.springframework.test.context.support.DirtiesContextTestExecutionListener, org.springframework.test.context.transaction.TransactionalTestExecutionListener, org.springframework.test.context.jdbc.SqlScriptsTestExecutionListener, org.springframework.test.context.event.EventPublishingTestExecutionListener, org.springframework.security.test.context.support.WithSecurityContextTestExecutionListener, org.springframework.security.test.context.support.ReactorContextTestExecutionListener]
2023-02-23 19::52::52 [main] INFO  o.s.b.t.c.SpringBootTestContextBootstrapper - Using TestExecutionListeners: [org.springframework.test.context.web.ServletTestExecutionListener@1f406a62, org.springframework.test.context.support.DirtiesContextBeforeModesTestExecutionListener@6b89cbc0, org.springframework.test.context.event.ApplicationEventsTestExecutionListener@7a9c91e7, org.springframework.boot.test.mock.mockito.MockitoTestExecutionListener@2b7e07e0, org.springframework.boot.test.autoconfigure.SpringBootDependencyInjectionTestExecutionListener@37717b97, org.springframework.test.context.support.DirtiesContextTestExecutionListener@12837172, org.springframework.test.context.transaction.TransactionalTestExecutionListener@c0ed96c, org.springframework.test.context.jdbc.SqlScriptsTestExecutionListener@57149e0a, org.springframework.test.context.event.EventPublishingTestExecutionListener@6b85fabc, org.springframework.security.test.context.support.WithSecurityContextTestExecutionListener@62041e5f, org.springframework.security.test.context.support.ReactorContextTestExecutionListener@18bb7eca, org.springframework.boot.test.mock.mockito.ResetMocksTestExecutionListener@6bac4719, org.springframework.boot.test.autoconfigure.restdocs.RestDocsTestExecutionListener@2fb800ca, org.springframework.boot.test.autoconfigure.web.client.MockRestServiceServerResetTestExecutionListener@6d8c1584, org.springframework.boot.test.autoconfigure.web.servlet.MockMvcPrintOnlyOnFailureTestExecutionListener@2e826bd1, org.springframework.boot.test.autoconfigure.web.servlet.WebDriverTestExecutionListener@271f6597, org.springframework.boot.test.autoconfigure.webservices.client.MockWebServiceServerTestExecutionListener@484e9fee]
2023-02-23 19::52::58 [main] INFO  c.c.a.c.JwtAuthenticationControllerTest - Starting JwtAuthenticationControllerTest using Java 17.0.3 on DESKTOP-TIAGQ42 with PID 7084 (started by Vignesh in C:\Users\Vignesh\git\doctor-patient-appointment-system_mdu22csdaj001_pod-1\authorizationmicroservice)
2023-02-23 19::52::58 [main] INFO  c.c.a.c.JwtAuthenticationControllerTest - No active profile set, falling back to default profiles: default
2023-02-23 19::52::58 [main] INFO  o.s.d.r.c.RepositoryConfigurationDelegate - Bootstrapping Spring Data JPA repositories in DEFAULT mode.
2023-02-23 19::52::58 [main] INFO  o.s.d.r.c.RepositoryConfigurationDelegate - Finished Spring Data repository scanning in 36 ms. Found 1 JPA repository interfaces.
2023-02-23 19::52::58 [main] INFO  o.s.cloud.context.scope.GenericScope - BeanFactory id=f4a1bab1-fd44-3a96-80ea-e0ccd2db67be
2023-02-23 19::52::58 [main] INFO  o.s.c.s.PostProcessorRegistrationDelegate$BeanPostProcessorChecker - Bean 'org.springframework.security.access.expression.method.DefaultMethodSecurityExpressionHandler@7843efc5' of type [org.springframework.security.access.expression.method.DefaultMethodSecurityExpressionHandler] is not eligible for getting processed by all BeanPostProcessors (for example: not eligible for auto-proxying)
2023-02-23 19::52::58 [main] INFO  o.s.c.s.PostProcessorRegistrationDelegate$BeanPostProcessorChecker - Bean 'methodSecurityMetadataSource' of type [org.springframework.security.access.method.DelegatingMethodSecurityMetadataSource] is not eligible for getting processed by all BeanPostProcessors (for example: not eligible for auto-proxying)
2023-02-23 19::52::58 [main] INFO  com.zaxxer.hikari.HikariDataSource - HikariPool-4 - Starting...
2023-02-23 19::52::58 [main] INFO  com.zaxxer.hikari.HikariDataSource - HikariPool-4 - Start completed.
2023-02-23 19::52::58 [main] INFO  o.h.jpa.internal.util.LogHelper - HHH000204: Processing PersistenceUnitInfo [name: default]
2023-02-23 19::52::58 [main] INFO  org.hibernate.dialect.Dialect - HHH000400: Using dialect: org.hibernate.dialect.H2Dialect
2023-02-23 19::52::58 [main] INFO  o.h.e.t.j.p.i.JtaPlatformInitiator - HHH000490: Using JtaPlatform implementation: [org.hibernate.engine.transaction.jta.platform.internal.NoJtaPlatform]
2023-02-23 19::52::58 [main] INFO  o.s.o.j.LocalContainerEntityManagerFactoryBean - Initialized JPA EntityManagerFactory for persistence unit 'default'
2023-02-23 19::52::58 [main] INFO  o.s.b.a.h.H2ConsoleAutoConfiguration - H2 console available at '/db'. Database available at 'jdbc:h2:mem:testdb'
2023-02-23 19::52::58 [main] INFO  s.d.s.w.PropertySourcedRequestMappingHandlerMapping - Mapped URL path [/v2/api-docs] onto method [springfox.documentation.swagger2.web.Swagger2Controller#getDocumentation(String, HttpServletRequest)]
2023-02-23 19::52::58 [main] INFO  o.s.s.web.DefaultSecurityFilterChain - Will secure any request with [org.springframework.security.web.context.request.async.WebAsyncManagerIntegrationFilter@38c9a48, org.springframework.security.web.context.SecurityContextPersistenceFilter@3f6404aa, org.springframework.security.web.header.HeaderWriterFilter@76c6a458, org.springframework.security.web.authentication.logout.LogoutFilter@ab58ff, com.cts.authorization.config.JwtRequestFilter@7d72f5a9, org.springframework.security.web.savedrequest.RequestCacheAwareFilter@912756d, org.springframework.security.web.servletapi.SecurityContextHolderAwareRequestFilter@4a35f473, org.springframework.security.web.authentication.AnonymousAuthenticationFilter@2c2b93df, org.springframework.security.web.session.SessionManagementFilter@47a246ec, org.springframework.security.web.access.ExceptionTranslationFilter@30b0de1d, org.springframework.security.web.access.intercept.FilterSecurityInterceptor@66e56837]
2023-02-23 19::52::58 [main] INFO  o.s.s.c.ThreadPoolTaskExecutor - Initializing ExecutorService 'applicationTaskExecutor'
2023-02-23 19::52::58 [main] INFO  s.d.s.w.p.DocumentationPluginsBootstrapper - Context refreshed
2023-02-23 19::52::58 [main] INFO  s.d.s.w.p.DocumentationPluginsBootstrapper - Found 1 custom documentation plugin(s)
2023-02-23 19::52::58 [main] INFO  s.d.s.w.s.ApiListingReferenceScanner - Scanning for api listing references
2023-02-23 19::52::58 [main] INFO  c.c.a.c.JwtAuthenticationControllerTest - Started JwtAuthenticationControllerTest in 4.419 seconds (JVM running for 49.132)
2023-02-23 19::52::58 [main] INFO  c.c.a.c.JwtAuthenticationController - Inside authorize ==============token
2023-02-23 19::52::58 [main] INFO  c.c.a.c.JwtAuthenticationController - Inside authorize ==============WrongToken
2023-02-23 19::52::58 [main] INFO  c.c.a.c.JwtAuthenticationController - Inside authenticate Method==================================
2023-02-23 19::52::58 [main] INFO  c.c.a.c.JwtAuthenticationController - Authentication Successful.....
2023-02-23 19::52::58 [main] INFO  c.c.a.c.JwtAuthenticationController - org.springframework.security.core.userdetails.User [Username=admin, Password=[PROTECTED], Enabled=true, AccountNonExpired=true, credentialsNonExpired=true, AccountNonLocked=true, Granted Authorities=[]]
2023-02-23 19::52::58 [main] INFO  c.c.a.c.JwtAuthenticationController - Inside authorize ==============Bearer token
2023-02-23 19::52::58 [SpringContextShutdownHook] INFO  o.s.s.c.ThreadPoolTaskExecutor - Shutting down ExecutorService 'applicationTaskExecutor'
2023-02-23 19::52::58 [SpringContextShutdownHook] INFO  o.s.s.c.ThreadPoolTaskExecutor - Shutting down ExecutorService 'applicationTaskExecutor'
2023-02-23 19::52::58 [SpringContextShutdownHook] INFO  o.s.s.c.ThreadPoolTaskExecutor - Shutting down ExecutorService 'applicationTaskExecutor'
2023-02-23 19::52::58 [SpringContextShutdownHook] INFO  o.s.o.j.LocalContainerEntityManagerFactoryBean - Closing JPA EntityManagerFactory for persistence unit 'default'
2023-02-23 19::52::58 [SpringContextShutdownHook] INFO  o.h.t.s.i.SchemaDropperImpl$DelayedDropActionImpl - HHH000477: Starting delayed evictData of schema as part of SessionFactory shut-down'
2023-02-23 19::52::58 [SpringContextShutdownHook] INFO  o.s.o.j.LocalContainerEntityManagerFactoryBean - Closing JPA EntityManagerFactory for persistence unit 'default'
2023-02-23 19::52::58 [SpringContextShutdownHook] INFO  o.s.o.j.LocalContainerEntityManagerFactoryBean - Closing JPA EntityManagerFactory for persistence unit 'default'
2023-02-23 19::52::58 [SpringContextShutdownHook] INFO  o.h.t.s.i.SchemaDropperImpl$DelayedDropActionImpl - HHH000477: Starting delayed evictData of schema as part of SessionFactory shut-down'
2023-02-23 19::52::58 [SpringContextShutdownHook] INFO  o.h.t.s.i.SchemaDropperImpl$DelayedDropActionImpl - HHH000477: Starting delayed evictData of schema as part of SessionFactory shut-down'
2023-02-23 19::52::58 [SpringContextShutdownHook] INFO  com.zaxxer.hikari.HikariDataSource - HikariPool-1 - Shutdown initiated...
2023-02-23 19::52::58 [SpringContextShutdownHook] INFO  com.zaxxer.hikari.HikariDataSource - HikariPool-4 - Shutdown initiated...
2023-02-23 19::52::58 [SpringContextShutdownHook] INFO  com.zaxxer.hikari.HikariDataSource - HikariPool-3 - Shutdown initiated...
2023-02-23 19::52::58 [SpringContextShutdownHook] INFO  com.zaxxer.hikari.HikariDataSource - HikariPool-1 - Shutdown completed.
2023-02-23 19::52::58 [SpringContextShutdownHook] INFO  com.zaxxer.hikari.HikariDataSource - HikariPool-4 - Shutdown completed.
2023-02-23 19::52::58 [SpringContextShutdownHook] INFO  com.zaxxer.hikari.HikariDataSource - HikariPool-3 - Shutdown completed.
2023-02-23 19::52::58 [SpringContextShutdownHook] INFO  o.s.s.c.ThreadPoolTaskExecutor - Shutting down ExecutorService 'applicationTaskExecutor'
2023-02-23 19::52::58 [SpringContextShutdownHook] INFO  o.s.o.j.LocalContainerEntityManagerFactoryBean - Closing JPA EntityManagerFactory for persistence unit 'default'
2023-02-23 19::52::58 [SpringContextShutdownHook] INFO  o.h.t.s.i.SchemaDropperImpl$DelayedDropActionImpl - HHH000477: Starting delayed evictData of schema as part of SessionFactory shut-down'
2023-02-23 19::52::58 [SpringContextShutdownHook] INFO  com.zaxxer.hikari.HikariDataSource - HikariPool-2 - Shutdown initiated...
2023-02-23 19::52::58 [SpringContextShutdownHook] INFO  com.zaxxer.hikari.HikariDataSource - HikariPool-2 - Shutdown completed.
2023-02-23 19::53::40 [restartedMain] INFO  c.c.a.AuthorizationmicroserviceApplication - Starting AuthorizationmicroserviceApplication using Java 17.0.3 on DESKTOP-TIAGQ42 with PID 12348 (C:\Users\Vignesh\git\doctor-patient-appointment-system_mdu22csdaj001_pod-1\authorizationmicroservice\target\classes started by Vignesh in C:\Users\Vignesh\git\doctor-patient-appointment-system_mdu22csdaj001_pod-1\authorizationmicroservice)
2023-02-23 19::53::40 [restartedMain] INFO  c.c.a.AuthorizationmicroserviceApplication - No active profile set, falling back to default profiles: default
2023-02-23 19::53::40 [restartedMain] INFO  o.s.b.d.e.DevToolsPropertyDefaultsPostProcessor - Devtools property defaults active! Set 'spring.devtools.add-properties' to 'false' to disable
2023-02-23 19::53::40 [restartedMain] INFO  o.s.b.d.e.DevToolsPropertyDefaultsPostProcessor - For additional web related logging consider setting the 'logging.level.web' property to 'DEBUG'
2023-02-23 19::53::40 [restartedMain] INFO  o.s.d.r.c.RepositoryConfigurationDelegate - Bootstrapping Spring Data JPA repositories in DEFAULT mode.
2023-02-23 19::53::40 [restartedMain] INFO  o.s.d.r.c.RepositoryConfigurationDelegate - Finished Spring Data repository scanning in 213 ms. Found 1 JPA repository interfaces.
2023-02-23 19::53::40 [restartedMain] INFO  o.s.cloud.context.scope.GenericScope - BeanFactory id=ffaa9280-8544-31bd-812d-d7f057a73be8
2023-02-23 19::53::40 [restartedMain] INFO  o.s.c.s.PostProcessorRegistrationDelegate$BeanPostProcessorChecker - Bean 'org.springframework.security.access.expression.method.DefaultMethodSecurityExpressionHandler@7b914692' of type [org.springframework.security.access.expression.method.DefaultMethodSecurityExpressionHandler] is not eligible for getting processed by all BeanPostProcessors (for example: not eligible for auto-proxying)
2023-02-23 19::53::40 [restartedMain] INFO  o.s.c.s.PostProcessorRegistrationDelegate$BeanPostProcessorChecker - Bean 'methodSecurityMetadataSource' of type [org.springframework.security.access.method.DelegatingMethodSecurityMetadataSource] is not eligible for getting processed by all BeanPostProcessors (for example: not eligible for auto-proxying)
2023-02-23 19::53::40 [restartedMain] INFO  o.s.b.w.e.tomcat.TomcatWebServer - Tomcat initialized with port(s): 8400 (http)
2023-02-23 19::53::40 [restartedMain] INFO  o.a.coyote.http11.Http11NioProtocol - Initializing ProtocolHandler ["http-nio-8400"]
2023-02-23 19::53::40 [restartedMain] INFO  o.a.catalina.core.StandardService - Starting service [Tomcat]
2023-02-23 19::53::40 [restartedMain] INFO  o.a.catalina.core.StandardEngine - Starting Servlet engine: [Apache Tomcat/9.0.41]
2023-02-23 19::53::40 [restartedMain] INFO  o.a.c.c.C.[.[localhost].[/auth] - Initializing Spring embedded WebApplicationContext
2023-02-23 19::53::40 [restartedMain] INFO  o.s.b.w.s.c.ServletWebServerApplicationContext - Root WebApplicationContext: initialization completed in 7404 ms
2023-02-23 19::53::40 [restartedMain] INFO  com.zaxxer.hikari.HikariDataSource - HikariPool-1 - Starting...
2023-02-23 19::53::40 [restartedMain] INFO  com.zaxxer.hikari.HikariDataSource - HikariPool-1 - Start completed.
2023-02-23 19::53::40 [restartedMain] INFO  o.s.b.a.h.H2ConsoleAutoConfiguration - H2 console available at '/db'. Database available at 'jdbc:h2:mem:testdb'
2023-02-23 19::53::40 [restartedMain] INFO  o.h.jpa.internal.util.LogHelper - HHH000204: Processing PersistenceUnitInfo [name: default]
2023-02-23 19::53::40 [restartedMain] INFO  org.hibernate.Version - HHH000412: Hibernate ORM core version 5.4.27.Final
2023-02-23 19::53::40 [restartedMain] INFO  o.h.annotations.common.Version - HCANN000001: Hibernate Commons Annotations {5.1.2.Final}
2023-02-23 19::53::40 [restartedMain] INFO  org.hibernate.dialect.Dialect - HHH000400: Using dialect: org.hibernate.dialect.H2Dialect
2023-02-23 19::53::40 [restartedMain] INFO  o.h.e.t.j.p.i.JtaPlatformInitiator - HHH000490: Using JtaPlatform implementation: [org.hibernate.engine.transaction.jta.platform.internal.NoJtaPlatform]
2023-02-23 19::53::40 [restartedMain] INFO  o.s.o.j.LocalContainerEntityManagerFactoryBean - Initialized JPA EntityManagerFactory for persistence unit 'default'
2023-02-23 19::53::40 [restartedMain] INFO  s.d.s.w.PropertySourcedRequestMappingHandlerMapping - Mapped URL path [/v2/api-docs] onto method [springfox.documentation.swagger2.web.Swagger2Controller#getDocumentation(String, HttpServletRequest)]
2023-02-23 19::53::40 [restartedMain] INFO  o.s.s.web.DefaultSecurityFilterChain - Will secure any request with [org.springframework.security.web.context.request.async.WebAsyncManagerIntegrationFilter@566e7844, org.springframework.security.web.context.SecurityContextPersistenceFilter@18f69b29, org.springframework.security.web.header.HeaderWriterFilter@215826fd, org.springframework.security.web.authentication.logout.LogoutFilter@7b2bdfd3, com.cts.authorization.config.JwtRequestFilter@26ace03a, org.springframework.security.web.savedrequest.RequestCacheAwareFilter@4bc67f4f, org.springframework.security.web.servletapi.SecurityContextHolderAwareRequestFilter@484f1bbd, org.springframework.security.web.authentication.AnonymousAuthenticationFilter@70f5a669, org.springframework.security.web.session.SessionManagementFilter@1d7a93de, org.springframework.security.web.access.ExceptionTranslationFilter@27d310f1, org.springframework.security.web.access.intercept.FilterSecurityInterceptor@2d136909]
2023-02-23 19::53::40 [restartedMain] INFO  o.s.s.c.ThreadPoolTaskExecutor - Initializing ExecutorService 'applicationTaskExecutor'
2023-02-23 19::53::40 [restartedMain] INFO  o.a.coyote.http11.Http11NioProtocol - Starting ProtocolHandler ["http-nio-8400"]
2023-02-23 19::53::40 [restartedMain] INFO  o.s.b.w.e.tomcat.TomcatWebServer - Tomcat started on port(s): 8400 (http) with context path '/auth'
2023-02-23 19::53::40 [restartedMain] INFO  s.d.s.w.p.DocumentationPluginsBootstrapper - Context refreshed
2023-02-23 19::53::40 [restartedMain] INFO  s.d.s.w.p.DocumentationPluginsBootstrapper - Found 1 custom documentation plugin(s)
2023-02-23 19::53::40 [restartedMain] INFO  s.d.s.w.s.ApiListingReferenceScanner - Scanning for api listing references
2023-02-23 19::53::40 [restartedMain] INFO  c.c.a.AuthorizationmicroserviceApplication - Started AuthorizationmicroserviceApplication in 21.065 seconds (JVM running for 23.567)
